Log file open, 02/11/21 07:37:15
LogInit: Display: Running engine for game: alice
LogPlatformFile: Not using cached read wrapper
LogTaskGraph: Started task graph with 5 named threads and 83 total threads with 3 sets of task threads.
LogStats: Stats thread started at 0.934848
LogD3D11RHI: Loaded GFSDK_Aftermath_Lib.x64.dll
LogICUInternationalization: ICU TimeZone Detection - Raw Offset: +0:00, Platform Override: ''
LogPluginManager: Mounting plugin Paper2D
LogPluginManager: Mounting plugin AISupport
LogPluginManager: Mounting plugin LightPropagationVolume
LogPluginManager: Mounting plugin CameraShakePreviewer
LogPluginManager: Mounting plugin ActorLayerUtilities
LogPluginManager: Mounting plugin AnimationSharing
LogPluginManager: Mounting plugin CLionSourceCodeAccess
LogPluginManager: Mounting plugin CodeLiteSourceCodeAccess
LogPluginManager: Mounting plugin ConcertMain
LogPluginManager: Mounting plugin ConcertSyncClient
LogPluginManager: Mounting plugin ConcertSyncCore
LogPluginManager: Mounting plugin MultiUserClient
LogPluginManager: Mounting plugin GitSourceControl
LogPluginManager: Mounting plugin KDevelopSourceCodeAccess
LogPluginManager: Mounting plugin NullSourceCodeAccess
LogPluginManager: Mounting plugin PerforceSourceControl
LogPluginManager: Mounting plugin PlasticSourceControl
LogPluginManager: Mounting plugin RiderSourceCodeAccess
LogPluginManager: Mounting plugin SubversionSourceControl
LogPluginManager: Mounting plugin UObjectPlugin
LogPluginManager: Mounting plugin VisualStudioCodeSourceCodeAccess
LogPluginManager: Mounting plugin VisualStudioSourceCodeAccess
LogPluginManager: Mounting plugin XCodeSourceCodeAccess
LogPluginManager: Mounting plugin AssetManagerEditor
LogPluginManager: Mounting plugin CryptoKeys
LogPluginManager: Mounting plugin CurveEditorTools
LogPluginManager: Mounting plugin DataValidation
LogPluginManager: Mounting plugin EditorScriptingUtilities
LogPluginManager: Mounting plugin FacialAnimation
LogPluginManager: Mounting plugin GameplayTagsEditor
LogPluginManager: Mounting plugin GeometryMode
LogPluginManager: Mounting plugin MacGraphicsSwitching
LogPluginManager: Mounting plugin MaterialAnalyzer
LogPluginManager: Mounting plugin MobileLauncherProfileWizard
LogPluginManager: Mounting plugin PluginBrowser
LogPluginManager: Mounting plugin SpeedTreeImporter
LogPluginManager: Mounting plugin DatasmithContent
LogPluginManager: Mounting plugin VariantManagerContent
LogPluginManager: Mounting plugin AlembicImporter
LogPluginManager: Mounting plugin AutomationUtils
LogPluginManager: Mounting plugin BackChannel
LogPluginManager: Mounting plugin ChaosCloth
LogPluginManager: Mounting plugin ChaosClothEditor
LogPluginManager: Mounting plugin ChaosEditor
LogPluginManager: Mounting plugin ChaosNiagara
LogPluginManager: Mounting plugin ChaosSolverPlugin
LogPluginManager: Mounting plugin CharacterAI
LogPluginManager: Mounting plugin GeometryCache
LogPluginManager: Mounting plugin GeometryCollectionPlugin
LogPluginManager: Mounting plugin GeometryProcessing
LogPluginManager: Mounting plugin PlanarCut
LogPluginManager: Mounting plugin PlatformCrypto
LogPluginManager: Mounting plugin ProxyLODPlugin
LogPluginManager: Mounting plugin SkeletalReduction
LogPluginManager: Mounting plugin Niagara
LogPluginManager: Mounting plugin MagicLeap
LogPluginManager: Mounting plugin MagicLeapLightEstimation
LogPluginManager: Mounting plugin MagicLeapMedia
LogPluginManager: Mounting plugin MagicLeapPassableWorld
LogPluginManager: Mounting plugin MLSDK
LogPluginManager: Mounting plugin AndroidMedia
LogPluginManager: Mounting plugin AvfMedia
LogPluginManager: Mounting plugin ImgMedia
LogPluginManager: Mounting plugin MediaCompositing
LogPluginManager: Mounting plugin MediaPlayerEditor
LogPluginManager: Mounting plugin WebMMedia
LogPluginManager: Mounting plugin WmfMedia
LogPluginManager: Mounting plugin MeshPainting
LogPluginManager: Mounting plugin TcpMessaging
LogPluginManager: Mounting plugin UdpMessaging
LogPluginManager: Mounting plugin ActorSequence
LogPluginManager: Mounting plugin LevelSequenceEditor
LogPluginManager: Mounting plugin MatineeToLevelSequence
LogPluginManager: Mounting plugin MovieRenderPipeline
LogPluginManager: Mounting plugin TemplateSequence
LogPluginManager: Mounting plugin NetcodeUnitTest
LogPluginManager: Mounting plugin NUTUnrealEngine4
LogPluginManager: Mounting plugin OnlineSubsystemGooglePlay
LogPluginManager: Mounting plugin OnlineSubsystemIOS
LogPluginManager: Mounting plugin OnlineSubsystem
LogPluginManager: Mounting plugin OnlineSubsystemNull
LogPluginManager: Mounting plugin OnlineSubsystemUtils
LogPluginManager: Mounting plugin LauncherChunkInstaller
LogPluginManager: Mounting plugin AndroidDeviceProfileSelector
LogPluginManager: Mounting plugin AndroidMoviePlayer
LogPluginManager: Mounting plugin AndroidPermission
LogPluginManager: Mounting plugin AppleImageUtils
LogPluginManager: Mounting plugin AppleMoviePlayer
LogPluginManager: Mounting plugin ArchVisCharacter
LogPluginManager: Mounting plugin AssetTags
LogPluginManager: Mounting plugin AudioCapture
LogPluginManager: Mounting plugin CableComponent
LogPluginManager: Mounting plugin CustomMeshComponent
LogPluginManager: Mounting plugin SQLiteCore
LogPluginManager: Mounting plugin EditableMesh
LogPluginManager: Mounting plugin ExampleDeviceProfileSelector
LogPluginManager: Mounting plugin GoogleCloudMessaging
LogPluginManager: Mounting plugin GooglePAD
LogPluginManager: Mounting plugin IOSDeviceProfileSelector
LogPluginManager: Mounting plugin LinuxDeviceProfileSelector
LogPluginManager: Mounting plugin LocationServicesBPLibrary
LogPluginManager: Mounting plugin MobilePatchingUtils
LogPluginManager: Mounting plugin OculusVR
LogPluginManager: Mounting plugin PhysXVehicles
LogPluginManager: Mounting plugin PostSplashScreen
LogPluginManager: Mounting plugin ProceduralMeshComponent
LogPluginManager: Mounting plugin RuntimePhysXCooking
LogPluginManager: Mounting plugin SignificanceManager
LogPluginManager: Mounting plugin SoundFields
LogPluginManager: Mounting plugin SteamVR
LogPluginManager: Mounting plugin Synthesis
LogPluginManager: Mounting plugin WebMMoviePlayer
LogPluginManager: Mounting plugin WindowsMoviePlayer
LogPluginManager: Mounting plugin ScreenshotTools
LogInit: Using libcurl 7.55.1-DEV
LogInit:  - built for x86_64-pc-win32
LogInit:  - supports SSL with OpenSSL/1.1.1
LogInit:  - supports HTTP deflate (compression) using libz 1.2.8
LogInit:  - other features:
LogInit:      CURL_VERSION_SSL
LogInit:      CURL_VERSION_LIBZ
LogInit:      CURL_VERSION_IPV6
LogInit:      CURL_VERSION_ASYNCHDNS
LogInit:      CURL_VERSION_LARGEFILE
LogInit:      CURL_VERSION_IDN
LogInit:  CurlRequestOptions (configurable via config and command line):
LogInit:  - bVerifyPeer = true  - Libcurl will verify peer certificate
LogInit:  - bUseHttpProxy = false  - Libcurl will NOT use HTTP proxy
LogInit:  - bDontReuseConnections = false  - Libcurl will reuse connections
LogInit:  - MaxHostConnections = 16  - Libcurl will limit the number of connections to a host
LogInit:  - LocalHostAddr = Default
LogInit:  - BufferSize = 65536
LogOnline: OSS: Creating online subsystem instance for: NULL
LogInit: WinSock: version 1.1 (2.2), MaxSocks=32767, MaxUdp=65467
LogOnline: OSS: TryLoadSubsystemAndSetDefault: Loaded subsystem for module [NULL]
LogInit: Build: ++UE4+Release-4.25-CL-14469661
LogInit: Engine Version: 4.25.4-14469661+++UE4+Release-4.25
LogInit: Compatible Engine Version: 4.25.0-13144385+++UE4+Release-4.25
LogInit: Net CL: 13144385
LogInit: OS: Windows 10 (Release 1909) (), CPU: AMD Ryzen 9 3950X 16-Core Processor            , GPU: Radeon (TM) RX 480 Graphics
LogInit: Compiled (64-bit): Oct 11 2020 08:10:49
LogInit: Compiled with Visual C++: 19.24.28315.00
LogInit: Build Configuration: Development
LogInit: Branch Name: ++UE4+Release-4.25
LogInit: Command Line: 
LogInit: Base Directory: E:/epic games/UE_4.25/Engine/Binaries/Win64/
LogInit: Allocator: TBB
LogInit: Installed Engine Build: 1
LogDevObjectVersion: Number of dev versions registered: 26
LogDevObjectVersion:   Dev-Blueprints (B0D832E4-1F89-4F0D-ACCF-7EB736FD4AA2): 10
LogDevObjectVersion:   Dev-Build (E1C64328-A22C-4D53-A36C-8E866417BD8C): 0
LogDevObjectVersion:   Dev-Core (375EC13C-06E4-48FB-B500-84F0262A717E): 4
LogDevObjectVersion:   Dev-Editor (E4B068ED-F494-42E9-A231-DA0B2E46BB41): 38
LogDevObjectVersion:   Dev-Framework (CFFC743F-43B0-4480-9391-14DF171D2073): 37
LogDevObjectVersion:   Dev-Mobile (B02B49B5-BB20-44E9-A304-32B752E40360): 2
LogDevObjectVersion:   Dev-Networking (A4E4105C-59A1-49B5-A7C5-40C4547EDFEE): 0
LogDevObjectVersion:   Dev-Online (39C831C9-5AE6-47DC-9A44-9C173E1C8E7C): 0
LogDevObjectVersion:   Dev-Physics (78F01B33-EBEA-4F98-B9B4-84EACCB95AA2): 4
LogDevObjectVersion:   Dev-Platform (6631380F-2D4D-43E0-8009-CF276956A95A): 0
LogDevObjectVersion:   Dev-Rendering (12F88B9F-8875-4AFC-A67C-D90C383ABD29): 43
LogDevObjectVersion:   Dev-Sequencer (7B5AE74C-D270-4C10-A958-57980B212A5A): 12
LogDevObjectVersion:   Dev-VR (D7296918-1DD6-4BDD-9DE2-64A83CC13884): 3
LogDevObjectVersion:   Dev-LoadTimes (C2A15278-BFE7-4AFE-6C17-90FF531DF755): 1
LogDevObjectVersion:   Private-Geometry (6EACA3D4-40EC-4CC1-B786-8BED09428FC5): 3
LogDevObjectVersion:   Dev-AnimPhys (29E575DD-E0A3-4627-9D10-D276232CDCEA): 17
LogDevObjectVersion:   Dev-Anim (AF43A65D-7FD3-4947-9873-3E8ED9C1BB05): 7
LogDevObjectVersion:   Dev-ReflectionCapture (6B266CEC-1EC7-4B8F-A30B-E4D90942FC07): 1
LogDevObjectVersion:   Dev-Automation (0DF73D61-A23F-47EA-B727-89E90C41499A): 1
LogDevObjectVersion:   FortniteMain (601D1886-AC64-4F84-AA16-D3DE0DEAC7D6): 31
LogDevObjectVersion:   Dev-Enterprise (9DFFBCD6-494F-0158-E221-12823C92A888): 10
LogDevObjectVersion:   Dev-Niagara (F2AED0AC-9AFE-416F-8664-AA7FFA26D6FC): 1
LogDevObjectVersion:   Dev-Destruction (174F1F0B-B4C6-45A5-B13F-2EE8D0FB917D): 10
LogDevObjectVersion:   Dev-Physics-Ext (35F94A83-E258-406C-A318-09F59610247C): 37
LogDevObjectVersion:   Dev-PhysicsMaterial-Chaos (B68FC16E-8B1B-42E2-B453-215C058844FE): 1
LogDevObjectVersion:   Dev-CineCamera (B2E18506-4273-CFC2-A54E-F4BB758BBA07): 1
LogInit: Presizing for max 25165824 objects, including 0 objects not considered by GC, pre-allocating 0 bytes for permanent pool.
LogConfig: Applying CVar settings from Section [/Script/Engine.StreamingSettings] File [E:/University/classes/Year 1/Semester 2/3D Game Programming/Alice/Saved/Config/Windows/Engine.ini]
LogConfig: Setting CVar [[s.MinBulkDataSizeForAsyncLoading:131072]]
LogConfig: Setting CVar [[s.AsyncLoadingThreadEnabled:0]]
LogConfig: Setting CVar [[s.EventDrivenLoaderEnabled:1]]
LogConfig: Setting CVar [[s.WarnIfTimeLimitExceeded:0]]
LogConfig: Setting CVar [[s.TimeLimitExceededMultiplier:1.5]]
LogConfig: Setting CVar [[s.TimeLimitExceededMinTime:0.005]]
LogConfig: Setting CVar [[s.UseBackgroundLevelStreaming:1]]
LogConfig: Setting CVar [[s.PriorityAsyncLoadingExtraTime:15.0]]
LogConfig: Setting CVar [[s.LevelStreamingActorsUpdateTimeLimit:5.0]]
LogConfig: Setting CVar [[s.PriorityLevelStreamingActorsUpdateExtraTime:5.0]]
LogConfig: Setting CVar [[s.LevelStreamingComponentsRegistrationGranularity:10]]
LogConfig: Setting CVar [[s.UnregisterComponentsTimeLimit:1.0]]
LogConfig: Setting CVar [[s.LevelStreamingComponentsUnregistrationGranularity:5]]
LogConfig: Setting CVar [[s.FlushStreamingOnExit:1]]
LogInit: Object subsystem initialized
LogConfig: Setting CVar [[con.DebugEarlyDefault:1]]
LogConfig: Setting CVar [[r.setres:1280x720]]
[2021.02.11-07.37.16:882][  0]LogConfig: Setting CVar [[r.VSync:0]]
[2021.02.11-07.37.16:882][  0]LogConfig: Setting CVar [[r.RHICmdBypass:0]]
[2021.02.11-07.37.16:882][  0]LogConfig: Applying CVar settings from Section [/Script/Engine.RendererSettings] File [E:/University/classes/Year 1/Semester 2/3D Game Programming/Alice/Saved/Config/Windows/Engine.ini]
[2021.02.11-07.37.16:882][  0]LogConfig: Setting CVar [[r.GPUCrashDebugging:0]]
[2021.02.11-07.37.16:882][  0]LogConfig: Applying CVar settings from Section [/Script/Engine.RendererOverrideSettings] File [E:/University/classes/Year 1/Semester 2/3D Game Programming/Alice/Saved/Config/Windows/Engine.ini]
[2021.02.11-07.37.16:882][  0]LogConfig: Applying CVar settings from Section [/Script/Engine.StreamingSettings] File [E:/University/classes/Year 1/Semester 2/3D Game Programming/Alice/Saved/Config/Windows/Engine.ini]
[2021.02.11-07.37.16:882][  0]LogConfig: Setting CVar [[s.MinBulkDataSizeForAsyncLoading:131072]]
[2021.02.11-07.37.16:882][  0]LogConfig: Setting CVar [[s.AsyncLoadingThreadEnabled:0]]
[2021.02.11-07.37.16:882][  0]LogConfig: Setting CVar [[s.EventDrivenLoaderEnabled:1]]
[2021.02.11-07.37.16:882][  0]LogConfig: Setting CVar [[s.WarnIfTimeLimitExceeded:0]]
[2021.02.11-07.37.16:882][  0]LogConfig: Setting CVar [[s.TimeLimitExceededMultiplier:1.5]]
[2021.02.11-07.37.16:882][  0]LogConfig: Setting CVar [[s.TimeLimitExceededMinTime:0.005]]
[2021.02.11-07.37.16:882][  0]LogConfig: Setting CVar [[s.UseBackgroundLevelStreaming:1]]
[2021.02.11-07.37.16:882][  0]LogConfig: Setting CVar [[s.PriorityAsyncLoadingExtraTime:15.0]]
[2021.02.11-07.37.16:882][  0]LogConfig: Setting CVar [[s.LevelStreamingActorsUpdateTimeLimit:5.0]]
[2021.02.11-07.37.16:883][  0]LogConfig: Setting CVar [[s.PriorityLevelStreamingActorsUpdateExtraTime:5.0]]
[2021.02.11-07.37.16:883][  0]LogConfig: Setting CVar [[s.LevelStreamingComponentsRegistrationGranularity:10]]
[2021.02.11-07.37.16:883][  0]LogConfig: Setting CVar [[s.UnregisterComponentsTimeLimit:1.0]]
[2021.02.11-07.37.16:883][  0]LogConfig: Setting CVar [[s.LevelStreamingComponentsUnregistrationGranularity:5]]
[2021.02.11-07.37.16:883][  0]LogConfig: Setting CVar [[s.FlushStreamingOnExit:1]]
[2021.02.11-07.37.16:883][  0]LogConfig: Applying CVar settings from Section [/Script/Engine.GarbageCollectionSettings] File [E:/University/classes/Year 1/Semester 2/3D Game Programming/Alice/Saved/Config/Windows/Engine.ini]
[2021.02.11-07.37.16:883][  0]LogConfig: Setting CVar [[gc.MaxObjectsNotConsideredByGC:1]]
[2021.02.11-07.37.16:883][  0]LogConfig: Setting CVar [[gc.SizeOfPermanentObjectPool:0]]
[2021.02.11-07.37.16:883][  0]LogConfig: Setting CVar [[gc.FlushStreamingOnGC:0]]
[2021.02.11-07.37.16:883][  0]LogConfig: Setting CVar [[gc.NumRetriesBeforeForcingGC:10]]
[2021.02.11-07.37.16:883][  0]LogConfig: Setting CVar [[gc.AllowParallelGC:1]]
[2021.02.11-07.37.16:883][  0]LogConfig: Setting CVar [[gc.TimeBetweenPurgingPendingKillObjects:61.1]]
[2021.02.11-07.37.16:883][  0]LogConfig: Setting CVar [[gc.MaxObjectsInEditor:25165824]]
[2021.02.11-07.37.16:883][  0]LogConfig: Setting CVar [[gc.IncrementalBeginDestroyEnabled:1]]
[2021.02.11-07.37.16:883][  0]LogConfig: Setting CVar [[gc.CreateGCClusters:1]]
[2021.02.11-07.37.16:883][  0]LogConfig: Setting CVar [[gc.MinGCClusterSize:5]]
[2021.02.11-07.37.16:883][  0]LogConfig: Setting CVar [[gc.ActorClusteringEnabled:0]]
[2021.02.11-07.37.16:883][  0]LogConfig: Setting CVar [[gc.BlueprintClusteringEnabled:0]]
[2021.02.11-07.37.16:883][  0]LogConfig: Setting CVar [[gc.UseDisregardForGCOnDedicatedServers:0]]
[2021.02.11-07.37.16:883][  0]LogConfig: Applying CVar settings from Section [/Script/Engine.NetworkSettings] File [E:/University/classes/Year 1/Semester 2/3D Game Programming/Alice/Saved/Config/Windows/Engine.ini]
[2021.02.11-07.37.16:883][  0]LogConfig: Applying CVar settings from Section [/Script/UnrealEd.CookerSettings] File [E:/University/classes/Year 1/Semester 2/3D Game Programming/Alice/Saved/Config/Windows/Engine.ini]
[2021.02.11-07.37.16:897][  0]LogConfig: Applying CVar settings from Section [ViewDistanceQuality@3] File [E:/University/classes/Year 1/Semester 2/3D Game Programming/Alice/Saved/Config/Windows/Scalability.ini]
[2021.02.11-07.37.16:898][  0]LogConfig: Setting CVar [[r.SkeletalMeshLODBias:0]]
[2021.02.11-07.37.16:898][  0]LogConfig: Setting CVar [[r.ViewDistanceScale:1.0]]
[2021.02.11-07.37.16:898][  0]LogConfig: Applying CVar settings from Section [AntiAliasingQuality@3] File [E:/University/classes/Year 1/Semester 2/3D Game Programming/Alice/Saved/Config/Windows/Scalability.ini]
[2021.02.11-07.37.16:898][  0]LogConfig: Setting CVar [[r.PostProcessAAQuality:4]]
[2021.02.11-07.37.16:898][  0]LogConfig: Applying CVar settings from Section [ShadowQuality@3] File [E:/University/classes/Year 1/Semester 2/3D Game Programming/Alice/Saved/Config/Windows/Scalability.ini]
[2021.02.11-07.37.16:898][  0]LogConfig: Setting CVar [[r.LightFunctionQuality:1]]
[2021.02.11-07.37.16:898][  0]LogConfig: Setting CVar [[r.ShadowQuality:5]]
[2021.02.11-07.37.16:898][  0]LogConfig: Setting CVar [[r.Shadow.CSM.MaxCascades:10]]
[2021.02.11-07.37.16:898][  0]LogConfig: Setting CVar [[r.Shadow.MaxResolution:2048]]
[2021.02.11-07.37.16:898][  0]LogConfig: Setting CVar [[r.Shadow.MaxCSMResolution:2048]]
[2021.02.11-07.37.16:898][  0]LogConfig: Setting CVar [[r.Shadow.RadiusThreshold:0.01]]
[2021.02.11-07.37.16:898][  0]LogConfig: Setting CVar [[r.Shadow.DistanceScale:1.0]]
[2021.02.11-07.37.16:898][  0]LogConfig: Setting CVar [[r.Shadow.CSM.TransitionScale:1.0]]
[2021.02.11-07.37.16:898][  0]LogConfig: Setting CVar [[r.Shadow.PreShadowResolutionFactor:1.0]]
[2021.02.11-07.37.16:898][  0]LogConfig: Setting CVar [[r.DistanceFieldShadowing:1]]
[2021.02.11-07.37.16:898][  0]LogConfig: Setting CVar [[r.DistanceFieldAO:1]]
[2021.02.11-07.37.16:898][  0]LogConfig: Setting CVar [[r.AOQuality:2]]
[2021.02.11-07.37.16:898][  0]LogConfig: Setting CVar [[r.VolumetricFog:1]]
[2021.02.11-07.37.16:898][  0]LogConfig: Setting CVar [[r.VolumetricFog.GridPixelSize:8]]
[2021.02.11-07.37.16:898][  0]LogConfig: Setting CVar [[r.VolumetricFog.GridSizeZ:128]]
[2021.02.11-07.37.16:898][  0]LogConfig: Setting CVar [[r.VolumetricFog.HistoryMissSupersampleCount:4]]
[2021.02.11-07.37.16:898][  0]LogConfig: Setting CVar [[r.LightMaxDrawDistanceScale:1]]
[2021.02.11-07.37.16:898][  0]LogConfig: Setting CVar [[r.CapsuleShadows:1]]
[2021.02.11-07.37.16:898][  0]LogConfig: Applying CVar settings from Section [PostProcessQuality@3] File [E:/University/classes/Year 1/Semester 2/3D Game Programming/Alice/Saved/Config/Windows/Scalability.ini]
[2021.02.11-07.37.16:898][  0]LogConfig: Setting CVar [[r.MotionBlurQuality:4]]
[2021.02.11-07.37.16:898][  0]LogConfig: Setting CVar [[r.AmbientOcclusionMipLevelFactor:0.4]]
[2021.02.11-07.37.16:898][  0]LogConfig: Setting CVar [[r.AmbientOcclusionMaxQuality:100]]
[2021.02.11-07.37.16:898][  0]LogConfig: Setting CVar [[r.AmbientOcclusionLevels:-1]]
[2021.02.11-07.37.16:898][  0]LogConfig: Setting CVar [[r.AmbientOcclusionRadiusScale:1.0]]
[2021.02.11-07.37.16:898][  0]LogConfig: Setting CVar [[r.DepthOfFieldQuality:2]]
[2021.02.11-07.37.16:898][  0]LogConfig: Setting CVar [[r.RenderTargetPoolMin:400]]
[2021.02.11-07.37.16:898][  0]LogConfig: Setting CVar [[r.LensFlareQuality:2]]
[2021.02.11-07.37.16:898][  0]LogConfig: Setting CVar [[r.SceneColorFringeQuality:1]]
[2021.02.11-07.37.16:898][  0]LogConfig: Setting CVar [[r.EyeAdaptationQuality:2]]
[2021.02.11-07.37.16:898][  0]LogConfig: Setting CVar [[r.BloomQuality:5]]
[2021.02.11-07.37.16:898][  0]LogConfig: Setting CVar [[r.FastBlurThreshold:100]]
[2021.02.11-07.37.16:898][  0]LogConfig: Setting CVar [[r.Upscale.Quality:3]]
[2021.02.11-07.37.16:898][  0]LogConfig: Setting CVar [[r.Tonemapper.GrainQuantization:1]]
[2021.02.11-07.37.16:898][  0]LogConfig: Setting CVar [[r.LightShaftQuality:1]]
[2021.02.11-07.37.16:898][  0]LogConfig: Setting CVar [[r.Filter.SizeScale:1]]
[2021.02.11-07.37.16:898][  0]LogConfig: Setting CVar [[r.Tonemapper.Quality:5]]
[2021.02.11-07.37.16:898][  0]LogConfig: Setting CVar [[r.DOF.Gather.AccumulatorQuality:1        ; higher gathering accumulator quality]]
[2021.02.11-07.37.16:898][  0]LogConfig: Setting CVar [[r.DOF.Gather.PostfilterMethod:1          ; Median3x3 postfilering method]]
[2021.02.11-07.37.16:898][  0]LogConfig: Setting CVar [[r.DOF.Gather.EnableBokehSettings:0       ; no bokeh simulation when gathering]]
[2021.02.11-07.37.16:898][  0]LogConfig: Setting CVar [[r.DOF.Gather.RingCount:4                 ; medium number of samples when gathering]]
[2021.02.11-07.37.16:898][  0]LogConfig: Setting CVar [[r.DOF.Scatter.ForegroundCompositing:1    ; additive foreground scattering]]
[2021.02.11-07.37.16:898][  0]LogConfig: Setting CVar [[r.DOF.Scatter.BackgroundCompositing:2    ; additive background scattering]]
[2021.02.11-07.37.16:898][  0]LogConfig: Setting CVar [[r.DOF.Scatter.EnableBokehSettings:1      ; bokeh simulation when scattering]]
[2021.02.11-07.37.16:898][  0]LogConfig: Setting CVar [[r.DOF.Scatter.MaxSpriteRatio:0.1         ; only a maximum of 10% of scattered bokeh]]
[2021.02.11-07.37.16:898][  0]LogConfig: Setting CVar [[r.DOF.Recombine.Quality:1                ; cheap slight out of focus]]
[2021.02.11-07.37.16:898][  0]LogConfig: Setting CVar [[r.DOF.Recombine.EnableBokehSettings:0    ; no bokeh simulation on slight out of focus]]
[2021.02.11-07.37.16:898][  0]LogConfig: Setting CVar [[r.DOF.TemporalAAQuality:1                ; more stable temporal accumulation]]
[2021.02.11-07.37.16:898][  0]LogConfig: Setting CVar [[r.DOF.Kernel.MaxForegroundRadius:0.025]]
[2021.02.11-07.37.16:898][  0]LogConfig: Setting CVar [[r.DOF.Kernel.MaxBackgroundRadius:0.025]]
[2021.02.11-07.37.16:898][  0]LogConfig: Applying CVar settings from Section [TextureQuality@3] File [E:/University/classes/Year 1/Semester 2/3D Game Programming/Alice/Saved/Config/Windows/Scalability.ini]
[2021.02.11-07.37.16:898][  0]LogConfig: Setting CVar [[r.Streaming.MipBias:0]]
[2021.02.11-07.37.16:898][  0]LogConfig: Setting CVar [[r.Streaming.AmortizeCPUToGPUCopy:0]]
[2021.02.11-07.37.16:898][  0]LogConfig: Setting CVar [[r.Streaming.MaxNumTexturesToStreamPerFrame:0]]
[2021.02.11-07.37.16:898][  0]LogConfig: Setting CVar [[r.Streaming.Boost:1]]
[2021.02.11-07.37.16:898][  0]LogConfig: Setting CVar [[r.MaxAnisotropy:8]]
[2021.02.11-07.37.16:898][  0]LogConfig: Setting CVar [[r.VT.MaxAnisotropy:8]]
[2021.02.11-07.37.16:898][  0]LogConfig: Setting CVar [[r.Streaming.LimitPoolSizeToVRAM:0]]
[2021.02.11-07.37.16:898][  0]LogConfig: Setting CVar [[r.Streaming.PoolSize:1000]]
[2021.02.11-07.37.16:898][  0]LogConfig: Setting CVar [[r.Streaming.MaxEffectiveScreenSize:0]]
[2021.02.11-07.37.16:898][  0]LogConfig: Applying CVar settings from Section [EffectsQuality@3] File [E:/University/classes/Year 1/Semester 2/3D Game Programming/Alice/Saved/Config/Windows/Scalability.ini]
[2021.02.11-07.37.16:898][  0]LogConfig: Setting CVar [[r.TranslucencyLightingVolumeDim:64]]
[2021.02.11-07.37.16:898][  0]LogConfig: Setting CVar [[r.RefractionQuality:2]]
[2021.02.11-07.37.16:898][  0]LogConfig: Setting CVar [[r.SSR.Quality:3]]
[2021.02.11-07.37.16:898][  0]LogConfig: Setting CVar [[r.SSR.HalfResSceneColor:0]]
[2021.02.11-07.37.16:898][  0]LogConfig: Setting CVar [[r.SceneColorFormat:4]]
[2021.02.11-07.37.16:898][  0]LogConfig: Setting CVar [[r.DetailMode:2]]
[2021.02.11-07.37.16:898][  0]LogConfig: Setting CVar [[r.TranslucencyVolumeBlur:1]]
[2021.02.11-07.37.16:898][  0]LogConfig: Setting CVar [[r.MaterialQualityLevel:1 ; High quality]]
[2021.02.11-07.37.16:898][  0]LogConfig: Setting CVar [[r.SSS.Scale:1]]
[2021.02.11-07.37.16:898][  0]LogConfig: Setting CVar [[r.SSS.SampleSet:2]]
[2021.02.11-07.37.16:898][  0]LogConfig: Setting CVar [[r.SSS.Quality:1]]
[2021.02.11-07.37.16:898][  0]LogConfig: Setting CVar [[r.SSS.HalfRes:0]]
[2021.02.11-07.37.16:898][  0]LogConfig: Setting CVar [[r.SSGI.Quality:3]]
[2021.02.11-07.37.16:898][  0]LogConfig: Setting CVar [[r.EmitterSpawnRateScale:1.0]]
[2021.02.11-07.37.16:898][  0]LogConfig: Setting CVar [[r.ParticleLightQuality:2]]
[2021.02.11-07.37.16:898][  0]LogConfig: Setting CVar [[r.SkyAtmosphere.AerialPerspectiveLUT.FastApplyOnOpaque:1 ; Always have FastSkyLUT 1 in this case to avoid wrong sky]]
[2021.02.11-07.37.16:898][  0]LogConfig: Setting CVar [[r.SkyAtmosphere.AerialPerspectiveLUT.SampleCountPerSlice:1]]
[2021.02.11-07.37.16:898][  0]LogConfig: Setting CVar [[r.SkyAtmosphere.AerialPerspectiveLUT.DepthResolution:16.0]]
[2021.02.11-07.37.16:898][  0]LogConfig: Setting CVar [[r.SkyAtmosphere.FastSkyLUT:1]]
[2021.02.11-07.37.16:898][  0]LogConfig: Setting CVar [[r.SkyAtmosphere.FastSkyLUT.SampleCountMin:4.0]]
[2021.02.11-07.37.16:898][  0]LogConfig: Setting CVar [[r.SkyAtmosphere.FastSkyLUT.SampleCountMax:32.0]]
[2021.02.11-07.37.16:898][  0]LogConfig: Setting CVar [[r.SkyAtmosphere.SampleCountMin:4.0]]
[2021.02.11-07.37.16:898][  0]LogConfig: Setting CVar [[r.SkyAtmosphere.SampleCountMax:32.0]]
[2021.02.11-07.37.16:898][  0]LogConfig: Setting CVar [[r.SkyAtmosphere.TransmittanceLUT.UseSmallFormat:0]]
[2021.02.11-07.37.16:898][  0]LogConfig: Setting CVar [[r.SkyAtmosphere.TransmittanceLUT.SampleCount:10.0]]
[2021.02.11-07.37.16:898][  0]LogConfig: Setting CVar [[r.SkyAtmosphere.MultiScatteringLUT.SampleCount:15.0]]
[2021.02.11-07.37.16:898][  0]LogConfig: Applying CVar settings from Section [FoliageQuality@3] File [E:/University/classes/Year 1/Semester 2/3D Game Programming/Alice/Saved/Config/Windows/Scalability.ini]
[2021.02.11-07.37.16:899][  0]LogConfig: Setting CVar [[foliage.DensityScale:1.0]]
[2021.02.11-07.37.16:899][  0]LogConfig: Setting CVar [[grass.DensityScale:1.0]]
[2021.02.11-07.37.16:899][  0]LogConfig: Applying CVar settings from Section [ShadingQuality@3] File [E:/University/classes/Year 1/Semester 2/3D Game Programming/Alice/Saved/Config/Windows/Scalability.ini]
[2021.02.11-07.37.16:899][  0]LogConfig: Setting CVar [[r.HairStrands.SkyLighting.SampleCount:16]]
[2021.02.11-07.37.16:899][  0]LogConfig: Setting CVar [[r.HairStrands.SkyLighting.JitterIntegration:0]]
[2021.02.11-07.37.16:899][  0]LogConfig: Setting CVar [[r.HairStrands.SkyAO.SampleCount:16]]
[2021.02.11-07.37.16:899][  0]LogConfig: Setting CVar [[r.HairStrands.DeepShadow.SuperSampling:0]]
[2021.02.11-07.37.16:899][  0]LogConfig: Setting CVar [[r.HairStrands.VisibilityPPLL:0]]
[2021.02.11-07.37.16:899][  0]LogConfig: Setting CVar [[r.HairStrands.RasterizationScale:0.5]]
[2021.02.11-07.37.16:899][  0]LogConfig: Setting CVar [[r.HairStrands.VelocityRasterizationScale:1]]
[2021.02.11-07.37.16:899][  0]LogInit: Selected Device Profile: [Windows]
[2021.02.11-07.37.16:899][  0]LogInit: Applying CVar settings loaded from the selected device profile: [Windows]
[2021.02.11-07.37.16:899][  0]LogHAL: Display: Platform has ~ 32 GB [34274398208 / 34359738368 / 32], which maps to Largest [LargestMinGB=32, LargerMinGB=12, DefaultMinGB=8, SmallerMinGB=6, SmallestMinGB=0)
[2021.02.11-07.37.16:899][  0]LogInit: Going up to parent DeviceProfile []
[2021.02.11-07.37.16:899][  0]LogConfig: Applying CVar settings from Section [ViewDistanceQuality@3] File [E:/University/classes/Year 1/Semester 2/3D Game Programming/Alice/Saved/Config/Windows/Scalability.ini]
[2021.02.11-07.37.16:899][  0]LogConfig: Setting CVar [[r.SkeletalMeshLODBias:0]]
[2021.02.11-07.37.16:899][  0]LogConfig: Setting CVar [[r.ViewDistanceScale:1.0]]
[2021.02.11-07.37.16:899][  0]LogConfig: Applying CVar settings from Section [AntiAliasingQuality@3] File [E:/University/classes/Year 1/Semester 2/3D Game Programming/Alice/Saved/Config/Windows/Scalability.ini]
[2021.02.11-07.37.16:899][  0]LogConfig: Setting CVar [[r.PostProcessAAQuality:4]]
[2021.02.11-07.37.16:899][  0]LogConfig: Applying CVar settings from Section [ShadowQuality@3] File [E:/University/classes/Year 1/Semester 2/3D Game Programming/Alice/Saved/Config/Windows/Scalability.ini]
[2021.02.11-07.37.16:899][  0]LogConfig: Setting CVar [[r.LightFunctionQuality:1]]
[2021.02.11-07.37.16:899][  0]LogConfig: Setting CVar [[r.ShadowQuality:5]]
[2021.02.11-07.37.16:899][  0]LogConfig: Setting CVar [[r.Shadow.CSM.MaxCascades:10]]
[2021.02.11-07.37.16:899][  0]LogConfig: Setting CVar [[r.Shadow.MaxResolution:2048]]
[2021.02.11-07.37.16:899][  0]LogConfig: Setting CVar [[r.Shadow.MaxCSMResolution:2048]]
[2021.02.11-07.37.16:899][  0]LogConfig: Setting CVar [[r.Shadow.RadiusThreshold:0.01]]
[2021.02.11-07.37.16:899][  0]LogConfig: Setting CVar [[r.Shadow.DistanceScale:1.0]]
[2021.02.11-07.37.16:899][  0]LogConfig: Setting CVar [[r.Shadow.CSM.TransitionScale:1.0]]
[2021.02.11-07.37.16:899][  0]LogConfig: Setting CVar [[r.Shadow.PreShadowResolutionFactor:1.0]]
[2021.02.11-07.37.16:899][  0]LogConfig: Setting CVar [[r.DistanceFieldShadowing:1]]
[2021.02.11-07.37.16:899][  0]LogConfig: Setting CVar [[r.DistanceFieldAO:1]]
[2021.02.11-07.37.16:899][  0]LogConfig: Setting CVar [[r.AOQuality:2]]
[2021.02.11-07.37.16:899][  0]LogConfig: Setting CVar [[r.VolumetricFog:1]]
[2021.02.11-07.37.16:899][  0]LogConfig: Setting CVar [[r.VolumetricFog.GridPixelSize:8]]
[2021.02.11-07.37.16:899][  0]LogConfig: Setting CVar [[r.VolumetricFog.GridSizeZ:128]]
[2021.02.11-07.37.16:899][  0]LogConfig: Setting CVar [[r.VolumetricFog.HistoryMissSupersampleCount:4]]
[2021.02.11-07.37.16:899][  0]LogConfig: Setting CVar [[r.LightMaxDrawDistanceScale:1]]
[2021.02.11-07.37.16:899][  0]LogConfig: Setting CVar [[r.CapsuleShadows:1]]
[2021.02.11-07.37.16:899][  0]LogConfig: Applying CVar settings from Section [PostProcessQuality@3] File [E:/University/classes/Year 1/Semester 2/3D Game Programming/Alice/Saved/Config/Windows/Scalability.ini]
[2021.02.11-07.37.16:899][  0]LogConfig: Setting CVar [[r.MotionBlurQuality:4]]
[2021.02.11-07.37.16:899][  0]LogConfig: Setting CVar [[r.AmbientOcclusionMipLevelFactor:0.4]]
[2021.02.11-07.37.16:899][  0]LogConfig: Setting CVar [[r.AmbientOcclusionMaxQuality:100]]
[2021.02.11-07.37.16:899][  0]LogConfig: Setting CVar [[r.AmbientOcclusionLevels:-1]]
[2021.02.11-07.37.16:899][  0]LogConfig: Setting CVar [[r.AmbientOcclusionRadiusScale:1.0]]
[2021.02.11-07.37.16:899][  0]LogConfig: Setting CVar [[r.DepthOfFieldQuality:2]]
[2021.02.11-07.37.16:899][  0]LogConfig: Setting CVar [[r.RenderTargetPoolMin:400]]
[2021.02.11-07.37.16:899][  0]LogConfig: Setting CVar [[r.LensFlareQuality:2]]
[2021.02.11-07.37.16:899][  0]LogConfig: Setting CVar [[r.SceneColorFringeQuality:1]]
[2021.02.11-07.37.16:899][  0]LogConfig: Setting CVar [[r.EyeAdaptationQuality:2]]
[2021.02.11-07.37.16:899][  0]LogConfig: Setting CVar [[r.BloomQuality:5]]
[2021.02.11-07.37.16:899][  0]LogConfig: Setting CVar [[r.FastBlurThreshold:100]]
[2021.02.11-07.37.16:899][  0]LogConfig: Setting CVar [[r.Upscale.Quality:3]]
[2021.02.11-07.37.16:899][  0]LogConfig: Setting CVar [[r.Tonemapper.GrainQuantization:1]]
[2021.02.11-07.37.16:899][  0]LogConfig: Setting CVar [[r.LightShaftQuality:1]]
[2021.02.11-07.37.16:899][  0]LogConfig: Setting CVar [[r.Filter.SizeScale:1]]
[2021.02.11-07.37.16:899][  0]LogConfig: Setting CVar [[r.Tonemapper.Quality:5]]
[2021.02.11-07.37.16:899][  0]LogConfig: Setting CVar [[r.DOF.Gather.AccumulatorQuality:1        ; higher gathering accumulator quality]]
[2021.02.11-07.37.16:899][  0]LogConfig: Setting CVar [[r.DOF.Gather.PostfilterMethod:1          ; Median3x3 postfilering method]]
[2021.02.11-07.37.16:899][  0]LogConfig: Setting CVar [[r.DOF.Gather.EnableBokehSettings:0       ; no bokeh simulation when gathering]]
[2021.02.11-07.37.16:899][  0]LogConfig: Setting CVar [[r.DOF.Gather.RingCount:4                 ; medium number of samples when gathering]]
[2021.02.11-07.37.16:899][  0]LogConfig: Setting CVar [[r.DOF.Scatter.ForegroundCompositing:1    ; additive foreground scattering]]
[2021.02.11-07.37.16:899][  0]LogConfig: Setting CVar [[r.DOF.Scatter.BackgroundCompositing:2    ; additive background scattering]]
[2021.02.11-07.37.16:899][  0]LogConfig: Setting CVar [[r.DOF.Scatter.EnableBokehSettings:1      ; bokeh simulation when scattering]]
[2021.02.11-07.37.16:899][  0]LogConfig: Setting CVar [[r.DOF.Scatter.MaxSpriteRatio:0.1         ; only a maximum of 10% of scattered bokeh]]
[2021.02.11-07.37.16:899][  0]LogConfig: Setting CVar [[r.DOF.Recombine.Quality:1                ; cheap slight out of focus]]
[2021.02.11-07.37.16:899][  0]LogConfig: Setting CVar [[r.DOF.Recombine.EnableBokehSettings:0    ; no bokeh simulation on slight out of focus]]
[2021.02.11-07.37.16:899][  0]LogConfig: Setting CVar [[r.DOF.TemporalAAQuality:1                ; more stable temporal accumulation]]
[2021.02.11-07.37.16:899][  0]LogConfig: Setting CVar [[r.DOF.Kernel.MaxForegroundRadius:0.025]]
[2021.02.11-07.37.16:899][  0]LogConfig: Setting CVar [[r.DOF.Kernel.MaxBackgroundRadius:0.025]]
[2021.02.11-07.37.16:899][  0]LogConfig: Applying CVar settings from Section [TextureQuality@3] File [E:/University/classes/Year 1/Semester 2/3D Game Programming/Alice/Saved/Config/Windows/Scalability.ini]
[2021.02.11-07.37.16:899][  0]LogConfig: Setting CVar [[r.Streaming.MipBias:0]]
[2021.02.11-07.37.16:899][  0]LogConfig: Setting CVar [[r.Streaming.AmortizeCPUToGPUCopy:0]]
[2021.02.11-07.37.16:899][  0]LogConfig: Setting CVar [[r.Streaming.MaxNumTexturesToStreamPerFrame:0]]
[2021.02.11-07.37.16:899][  0]LogConfig: Setting CVar [[r.Streaming.Boost:1]]
[2021.02.11-07.37.16:899][  0]LogConfig: Setting CVar [[r.MaxAnisotropy:8]]
[2021.02.11-07.37.16:899][  0]LogConfig: Setting CVar [[r.VT.MaxAnisotropy:8]]
[2021.02.11-07.37.16:899][  0]LogConfig: Setting CVar [[r.Streaming.LimitPoolSizeToVRAM:0]]
[2021.02.11-07.37.16:899][  0]LogConfig: Setting CVar [[r.Streaming.PoolSize:1000]]
[2021.02.11-07.37.16:899][  0]LogConfig: Setting CVar [[r.Streaming.MaxEffectiveScreenSize:0]]
[2021.02.11-07.37.16:899][  0]LogConfig: Applying CVar settings from Section [EffectsQuality@3] File [E:/University/classes/Year 1/Semester 2/3D Game Programming/Alice/Saved/Config/Windows/Scalability.ini]
[2021.02.11-07.37.16:899][  0]LogConfig: Setting CVar [[r.TranslucencyLightingVolumeDim:64]]
[2021.02.11-07.37.16:899][  0]LogConfig: Setting CVar [[r.RefractionQuality:2]]
[2021.02.11-07.37.16:899][  0]LogConfig: Setting CVar [[r.SSR.Quality:3]]
[2021.02.11-07.37.16:899][  0]LogConfig: Setting CVar [[r.SSR.HalfResSceneColor:0]]
[2021.02.11-07.37.16:899][  0]LogConfig: Setting CVar [[r.SceneColorFormat:4]]
[2021.02.11-07.37.16:899][  0]LogConfig: Setting CVar [[r.DetailMode:2]]
[2021.02.11-07.37.16:900][  0]LogConfig: Setting CVar [[r.TranslucencyVolumeBlur:1]]
[2021.02.11-07.37.16:900][  0]LogConfig: Setting CVar [[r.MaterialQualityLevel:1 ; High quality]]
[2021.02.11-07.37.16:900][  0]LogConfig: Setting CVar [[r.SSS.Scale:1]]
[2021.02.11-07.37.16:900][  0]LogConfig: Setting CVar [[r.SSS.SampleSet:2]]
[2021.02.11-07.37.16:900][  0]LogConfig: Setting CVar [[r.SSS.Quality:1]]
[2021.02.11-07.37.16:900][  0]LogConfig: Setting CVar [[r.SSS.HalfRes:0]]
[2021.02.11-07.37.16:900][  0]LogConfig: Setting CVar [[r.SSGI.Quality:3]]
[2021.02.11-07.37.16:900][  0]LogConfig: Setting CVar [[r.EmitterSpawnRateScale:1.0]]
[2021.02.11-07.37.16:900][  0]LogConfig: Setting CVar [[r.ParticleLightQuality:2]]
[2021.02.11-07.37.16:900][  0]LogConfig: Setting CVar [[r.SkyAtmosphere.AerialPerspectiveLUT.FastApplyOnOpaque:1 ; Always have FastSkyLUT 1 in this case to avoid wrong sky]]
[2021.02.11-07.37.16:900][  0]LogConfig: Setting CVar [[r.SkyAtmosphere.AerialPerspectiveLUT.SampleCountPerSlice:1]]
[2021.02.11-07.37.16:900][  0]LogConfig: Setting CVar [[r.SkyAtmosphere.AerialPerspectiveLUT.DepthResolution:16.0]]
[2021.02.11-07.37.16:900][  0]LogConfig: Setting CVar [[r.SkyAtmosphere.FastSkyLUT:1]]
[2021.02.11-07.37.16:900][  0]LogConfig: Setting CVar [[r.SkyAtmosphere.FastSkyLUT.SampleCountMin:4.0]]
[2021.02.11-07.37.16:900][  0]LogConfig: Setting CVar [[r.SkyAtmosphere.FastSkyLUT.SampleCountMax:32.0]]
[2021.02.11-07.37.16:900][  0]LogConfig: Setting CVar [[r.SkyAtmosphere.SampleCountMin:4.0]]
[2021.02.11-07.37.16:900][  0]LogConfig: Setting CVar [[r.SkyAtmosphere.SampleCountMax:32.0]]
[2021.02.11-07.37.16:900][  0]LogConfig: Setting CVar [[r.SkyAtmosphere.TransmittanceLUT.UseSmallFormat:0]]
[2021.02.11-07.37.16:900][  0]LogConfig: Setting CVar [[r.SkyAtmosphere.TransmittanceLUT.SampleCount:10.0]]
[2021.02.11-07.37.16:900][  0]LogConfig: Setting CVar [[r.SkyAtmosphere.MultiScatteringLUT.SampleCount:15.0]]
[2021.02.11-07.37.16:900][  0]LogConfig: Applying CVar settings from Section [FoliageQuality@3] File [E:/University/classes/Year 1/Semester 2/3D Game Programming/Alice/Saved/Config/Windows/Scalability.ini]
[2021.02.11-07.37.16:900][  0]LogConfig: Setting CVar [[foliage.DensityScale:1.0]]
[2021.02.11-07.37.16:900][  0]LogConfig: Setting CVar [[grass.DensityScale:1.0]]
[2021.02.11-07.37.16:900][  0]LogConfig: Applying CVar settings from Section [ShadingQuality@3] File [E:/University/classes/Year 1/Semester 2/3D Game Programming/Alice/Saved/Config/Windows/Scalability.ini]
[2021.02.11-07.37.16:900][  0]LogConfig: Setting CVar [[r.HairStrands.SkyLighting.SampleCount:16]]
[2021.02.11-07.37.16:900][  0]LogConfig: Setting CVar [[r.HairStrands.SkyLighting.JitterIntegration:0]]
[2021.02.11-07.37.16:900][  0]LogConfig: Setting CVar [[r.HairStrands.SkyAO.SampleCount:16]]
[2021.02.11-07.37.16:900][  0]LogConfig: Setting CVar [[r.HairStrands.DeepShadow.SuperSampling:0]]
[2021.02.11-07.37.16:900][  0]LogConfig: Setting CVar [[r.HairStrands.VisibilityPPLL:0]]
[2021.02.11-07.37.16:900][  0]LogConfig: Setting CVar [[r.HairStrands.RasterizationScale:0.5]]
[2021.02.11-07.37.16:900][  0]LogConfig: Setting CVar [[r.HairStrands.VelocityRasterizationScale:1]]
[2021.02.11-07.37.16:900][  0]LogConfig: Applying CVar settings from Section [Startup] File [../../../Engine/Config/ConsoleVariables.ini]
[2021.02.11-07.37.16:901][  0]LogConfig: Setting CVar [[net.UseAdaptiveNetUpdateFrequency:0]]
[2021.02.11-07.37.16:901][  0]LogConfig: Setting CVar [[p.chaos.AllowCreatePhysxBodies:1]]
[2021.02.11-07.37.16:901][  0]LogConfig: Setting CVar [[fx.SkipVectorVMBackendOptimizations:1]]
[2021.02.11-07.37.16:901][  0]LogConfig: Applying CVar settings from Section [ConsoleVariables] File [E:/University/classes/Year 1/Semester 2/3D Game Programming/Alice/Saved/Config/Windows/Engine.ini]
[2021.02.11-07.37.16:901][  0]LogInit: Computer: DESKTOP-K2CNTV1
[2021.02.11-07.37.16:901][  0]LogInit: User: seanc
[2021.02.11-07.37.16:901][  0]LogInit: CPU Page size=4096, Cores=16
[2021.02.11-07.37.16:901][  0]LogInit: High frequency timer resolution =10.000000 MHz
[2021.02.11-07.37.16:901][  0]LogMemory: Memory total: Physical=31.9GB (32GB approx)
[2021.02.11-07.37.16:901][  0]LogMemory: Platform Memory Stats for Windows
[2021.02.11-07.37.16:901][  0]LogMemory: Process Physical Memory: 121.95 MB used, 121.96 MB peak
[2021.02.11-07.37.16:901][  0]LogMemory: Process Virtual Memory: 109.86 MB used, 109.86 MB peak
[2021.02.11-07.37.16:901][  0]LogMemory: Physical Memory: 15226.78 MB used,  17459.84 MB free, 32686.61 MB total
[2021.02.11-07.37.16:901][  0]LogMemory: Virtual Memory: 5261.27 MB used,  134212464.00 MB free, 134217728.00 MB total
[2021.02.11-07.37.17:761][  0]LogWindows: WindowsPlatformFeatures enabled
[2021.02.11-07.37.18:126][  0]LogInit: Physics initialised using underlying interface: PhysX
[2021.02.11-07.37.18:178][  0]LogInit: Using OS detected language (en-GB).
[2021.02.11-07.37.18:178][  0]LogInit: Using OS detected locale (en-GB).
[2021.02.11-07.37.18:211][  0]LogTextLocalizationManager: No specific localization for 'en-GB' exists, so the 'en' localization will be used.
[2021.02.11-07.37.18:654][  0]LogInit: Setting process to per monitor DPI aware
[2021.02.11-07.37.18:939][  0]LogSlate: New Slate User Created.  User Index 0, Is Virtual User: 0
[2021.02.11-07.37.18:939][  0]LogSlate: Slate User Registered.  User Index 0, Is Virtual User: 0
[2021.02.11-07.37.26:756][  0]LogD3D11RHI: D3D11 min allowed feature level: 11_0
[2021.02.11-07.37.26:756][  0]LogD3D11RHI: D3D11 max allowed feature level: 11_0
[2021.02.11-07.37.26:756][  0]LogD3D11RHI: D3D11 adapters:
[2021.02.11-07.37.26:795][  0]LogD3D11RHI:    0. 'Radeon (TM) RX 480 Graphics' (Feature Level 11_0)
[2021.02.11-07.37.26:795][  0]LogD3D11RHI:       8171/0/16343 MB DedicatedVideo/DedicatedSystem/SharedSystem, Outputs:3, VendorId:0x1002
[2021.02.11-07.37.26:805][  0]LogD3D11RHI:    1. 'Microsoft Basic Render Driver' (Feature Level 11_0)
[2021.02.11-07.37.26:805][  0]LogD3D11RHI:       0/0/16343 MB DedicatedVideo/DedicatedSystem/SharedSystem, Outputs:0, VendorId:0x1414
[2021.02.11-07.37.26:805][  0]LogD3D11RHI: Chosen D3D11 Adapter: 0
[2021.02.11-07.37.26:821][  0]LogD3D11RHI: Creating new Direct3DDevice
[2021.02.11-07.37.26:821][  0]LogD3D11RHI:     GPU DeviceId: 0x67df (for the marketing name, search the web for "GPU Device Id")
[2021.02.11-07.37.26:821][  0]LogWindows: EnumDisplayDevices:
[2021.02.11-07.37.26:822][  0]LogWindows:    0. 'Radeon (TM) RX 480 Graphics' (P:1 D:1)
[2021.02.11-07.37.26:825][  0]LogWindows:    1. 'Radeon (TM) RX 480 Graphics' (P:0 D:1)
[2021.02.11-07.37.26:826][  0]LogWindows:    2. 'Radeon (TM) RX 480 Graphics' (P:0 D:1)
[2021.02.11-07.37.26:826][  0]LogWindows:    3. 'Radeon (TM) RX 480 Graphics' (P:0 D:0)
[2021.02.11-07.37.26:827][  0]LogWindows:    4. 'Radeon (TM) RX 480 Graphics' (P:0 D:0)
[2021.02.11-07.37.26:828][  0]LogWindows:    5. 'Radeon (TM) RX 480 Graphics' (P:0 D:0)
[2021.02.11-07.37.26:828][  0]LogWindows:    6. 'Radeon (TM) RX 480 Graphics' (P:0 D:0)
[2021.02.11-07.37.26:828][  0]LogWindows:    7. 'Radeon (TM) RX 480 Graphics' (P:0 D:0)
[2021.02.11-07.37.26:828][  0]LogWindows: DebugString: FoundDriverCount:8 
[2021.02.11-07.37.26:828][  0]LogD3D11RHI:     Adapter Name: Radeon (TM) RX 480 Graphics
[2021.02.11-07.37.26:828][  0]LogD3D11RHI:   Driver Version: Adrenalin 2020 20.11.2 (internal:27.20.14501.18003, unified:27.20.14501.18003)
[2021.02.11-07.37.26:828][  0]LogD3D11RHI:      Driver Date: 11-13-2020
[2021.02.11-07.37.26:829][  0]LogRHI: Texture pool is 4862 MB (70% of 6946 MB)
[2021.02.11-07.37.26:916][  0]LogD3D11RHI: RHI has support for 64 bit atomics
[2021.02.11-07.37.26:916][  0]LogD3D11RHI: Async texture creation enabled
[2021.02.11-07.37.26:916][  0]LogD3D11RHI: Array index from any shader is supported
[2021.02.11-07.37.26:916][  0]LogD3D11RHI: HDR output is supported on display 0 (AMD Device: 0x0, Display: 0x0).
[2021.02.11-07.37.26:926][  0]LogD3D11RHI: GPU Timing Frequency: 25.000000 (Debug: 2 1)
[2021.02.11-07.37.28:427][  0]LogTargetPlatformManager: Display: Loaded TargetPlatform 'AllDesktop'
[2021.02.11-07.37.28:458][  0]LogTargetPlatformManager: Display: Loaded TargetPlatform 'Android'
[2021.02.11-07.37.28:458][  0]LogTargetPlatformManager: Display: Loaded TargetPlatform 'Android_ASTC'
[2021.02.11-07.37.28:458][  0]LogTargetPlatformManager: Display: Loaded TargetPlatform 'Android_DXT'
[2021.02.11-07.37.28:458][  0]LogTargetPlatformManager: Display: Loaded TargetPlatform 'Android_ETC2'
[2021.02.11-07.37.28:458][  0]LogTargetPlatformManager: Display: Loaded TargetPlatform 'AndroidClient'
[2021.02.11-07.37.28:458][  0]LogTargetPlatformManager: Display: Loaded TargetPlatform 'Android_ASTCClient'
[2021.02.11-07.37.28:458][  0]LogTargetPlatformManager: Display: Loaded TargetPlatform 'Android_DXTClient'
[2021.02.11-07.37.28:458][  0]LogTargetPlatformManager: Display: Loaded TargetPlatform 'Android_ETC2Client'
[2021.02.11-07.37.28:458][  0]LogTargetPlatformManager: Display: Loaded TargetPlatform 'Android_Multi'
[2021.02.11-07.37.28:458][  0]LogTargetPlatformManager: Display: Loaded TargetPlatform 'Android_MultiClient'
[2021.02.11-07.37.28:565][  0]LogTargetPlatformManager: Display: Loaded TargetPlatform 'IOSClient'
[2021.02.11-07.37.28:565][  0]LogTargetPlatformManager: Display: Loaded TargetPlatform 'IOS'
[2021.02.11-07.37.28:632][  0]LogTargetPlatformManager: Display: Loaded TargetPlatform 'Linux'
[2021.02.11-07.37.28:656][  0]LogTargetPlatformManager: Display: Loaded TargetPlatform 'LinuxNoEditor'
[2021.02.11-07.37.28:671][  0]LogTargetPlatformManager: Display: Loaded TargetPlatform 'LinuxClient'
[2021.02.11-07.37.28:680][  0]LogTargetPlatformManager: Display: Loaded TargetPlatform 'LinuxServer'
[2021.02.11-07.37.28:694][  0]LogTargetPlatformManager: Display: Loaded TargetPlatform 'LinuxAArch64NoEditor'
[2021.02.11-07.37.28:711][  0]LogTargetPlatformManager: Display: Loaded TargetPlatform 'LinuxAArch64Client'
[2021.02.11-07.37.28:738][  0]LogTargetPlatformManager: Display: Loaded TargetPlatform 'LinuxAArch64Server'
[2021.02.11-07.37.28:787][  0]LogTargetPlatformManager: Display: Loaded TargetPlatform 'Lumin'
[2021.02.11-07.37.28:787][  0]LogTargetPlatformManager: Display: Loaded TargetPlatform 'LuminClient'
[2021.02.11-07.37.28:806][  0]LogTargetPlatformManager: Display: Loaded TargetPlatform 'TVOSClient'
[2021.02.11-07.37.28:806][  0]LogTargetPlatformManager: Display: Loaded TargetPlatform 'TVOS'
[2021.02.11-07.37.28:861][  0]LogTargetPlatformManager: Display: Loaded TargetPlatform 'WindowsNoEditor'
[2021.02.11-07.37.28:885][  0]LogTargetPlatformManager: Display: Loaded TargetPlatform 'Windows'
[2021.02.11-07.37.28:903][  0]LogTargetPlatformManager: Display: Loaded TargetPlatform 'WindowsClient'
[2021.02.11-07.37.28:920][  0]LogTargetPlatformManager: Display: Loaded TargetPlatform 'WindowsServer'
[2021.02.11-07.37.28:920][  0]LogTargetPlatformManager: Display: Building Assets For Windows
[2021.02.11-07.37.28:974][  0]LogAudioDebug: Display: Lib vorbis DLL was dynamically loaded.
[2021.02.11-07.37.29:381][  0]LogShaderCompilers: Guid format shader working directory is -32 characters bigger than the processId version (../../../../../University/classes/Year 1/Semester 2/3D Game Programming/Alice/Intermediate/Shaders/WorkingDirectory/33876/).
[2021.02.11-07.37.29:381][  0]LogShaderCompilers: Cleaned the shader compiler working directory 'C:/Users/seanc/AppData/Local/Temp/UnrealShaderWorkingDir/9BB47A3F4B3680EF5115579C79F243B7/'.
[2021.02.11-07.37.29:386][  0]LogXGEController: Cleaning working directory: C:/Users/seanc/AppData/Local/Temp/UnrealXGEWorkingDir/
[2021.02.11-07.37.29:386][  0]LogXGEController: Cannot use XGE Controller as Incredibuild is not installed on this machine.
[2021.02.11-07.37.29:386][  0]LogShaderCompilers: Cannot use XGE Shader Compiler as Incredibuild is not installed on this machine.
[2021.02.11-07.37.29:386][  0]LogShaderCompilers: Display: Using Local Shader Compiler.
[2021.02.11-07.37.30:686][  0]LogDerivedDataCache: Display: Max Cache Size: 512 MB
[2021.02.11-07.37.30:879][  0]LogDerivedDataCache: Loaded boot cache 0.19s 75MB C:/Users/seanc/AppData/Local/UnrealEngine/4.25/DerivedDataCache/Boot.ddc.
[2021.02.11-07.37.30:879][  0]LogDerivedDataCache: Display: Loaded Boot cache: C:/Users/seanc/AppData/Local/UnrealEngine/4.25/DerivedDataCache/Boot.ddc
[2021.02.11-07.37.30:879][  0]LogDerivedDataCache: FDerivedDataBackendGraph:  Pak pak cache file ../../../../../University/classes/Year 1/Semester 2/3D Game Programming/Alice/DerivedDataCache/DDC.ddp not found, will not use a pak cache.
[2021.02.11-07.37.30:879][  0]LogDerivedDataCache: Unable to find inner node Pak for hierarchical cache Hierarchy.
[2021.02.11-07.37.30:879][  0]LogDerivedDataCache: FDerivedDataBackendGraph:  CompressedPak pak cache file ../../../../../University/classes/Year 1/Semester 2/3D Game Programming/Alice/DerivedDataCache/Compressed.ddp not found, will not use a pak cache.
[2021.02.11-07.37.30:879][  0]LogDerivedDataCache: Unable to find inner node CompressedPak for hierarchical cache Hierarchy.
[2021.02.11-07.37.30:889][  0]LogDerivedDataCache: Display: Pak cache opened for reading ../../../Engine/DerivedDataCache/Compressed.ddp.
[2021.02.11-07.37.30:889][  0]LogDerivedDataCache: FDerivedDataBackendGraph:  EnterprisePak pak cache file ../../../Enterprise/DerivedDataCache/Compressed.ddp not found, will not use a pak cache.
[2021.02.11-07.37.30:889][  0]LogDerivedDataCache: Unable to find inner node EnterprisePak for hierarchical cache Hierarchy.
[2021.02.11-07.37.30:891][  0]LogDerivedDataCache: Using Local data cache path C:/Users/seanc/AppData/Local/UnrealEngine/Common/DerivedDataCache: Writable
[2021.02.11-07.37.30:891][  0]LogDerivedDataCache: Shared data cache path not found in *engine.ini, will not use an Shared cache.
[2021.02.11-07.37.30:891][  0]LogDerivedDataCache: Unable to find inner node Shared for hierarchical cache Hierarchy.
[2021.02.11-07.37.30:934][  0]LogSlate: Using FreeType 2.10.0
[2021.02.11-07.37.30:974][  0]LogSlate: SlateFontServices - WITH_FREETYPE: 1, WITH_HARFBUZZ: 1
[2021.02.11-07.37.31:278][  0]LogAssetRegistry: FAssetRegistry took 0.0027 seconds to start up
[2021.02.11-07.37.31:495][  0]LogInit: Selected Device Profile: [Windows]
[2021.02.11-07.37.32:429][  0]LogMeshReduction: Using QuadricMeshReduction for automatic static mesh reduction
[2021.02.11-07.37.32:429][  0]LogMeshReduction: Using SimplygonMeshReduction for automatic skeletal mesh reduction
[2021.02.11-07.37.32:429][  0]LogMeshReduction: Using ProxyLODMeshReduction for automatic mesh merging
[2021.02.11-07.37.32:429][  0]LogMeshReduction: No distributed automatic mesh merging module available
[2021.02.11-07.37.32:429][  0]LogMeshMerging: No distributed automatic mesh merging module available
[2021.02.11-07.37.32:522][  0]LogNetVersion: alice 1.0.0, NetCL: 13144385, EngineNetVer: 14, GameNetVer: 0 (Checksum: 3336034931)
[2021.02.11-07.37.34:265][  0]LogAISub: UAISubsystem::UAISubsystem AISubsystem (00000229FF09A9C0), frame # 0
[2021.02.11-07.37.34:265][  0]LogAISub: UAISubsystem::UAISubsystem AIPerceptionSystem (00000229802C91C0), frame # 0
[2021.02.11-07.37.34:266][  0]LogAISub: UAISubsystem::UAISubsystem EnvQueryManager (0000022980305C00), frame # 0
[2021.02.11-07.37.34:300][  0]LogPackageLocalizationCache: Processed 20 localized package path(s) for 1 prioritized culture(s) in 0.028889 seconds
[2021.02.11-07.37.34:304][  0]LogUObjectArray: 15917 objects as part of root set at end of initial load.
[2021.02.11-07.37.34:304][  0]LogUObjectAllocator: 3965568 out of 0 bytes used by permanent object pool.
[2021.02.11-07.37.34:304][  0]LogUObjectArray: CloseDisregardForGC: 0/0 objects in disregard for GC pool
[2021.02.11-07.37.36:741][  0]LogTcpMessaging: Initializing TcpMessaging bridge
[2021.02.11-07.37.36:775][  0]LogUdpMessaging: Initializing bridge on interface 25.73.27.135:0 to multicast group 230.0.0.1:6666.
[2021.02.11-07.37.36:775][  0]FUdpSocketBuilder: Failed to bind UdpMessageUnicastSocket to 25.73.27.135:0
[2021.02.11-07.37.36:775][  0]FUdpSocketBuilder: Failed to configure multicast for UdpMessageUnicastSocket (loopback: 1, ttl: 1)
[2021.02.11-07.37.36:775][  0]FUdpSocketBuilder: Failed to create and initialize socket UdpMessageUnicastSocket (last error: 0)
[2021.02.11-07.37.36:775][  0]LogUdpMessaging: Error: StartTransport failed to create unicast socket on 25.73.27.135:0
[2021.02.11-07.37.37:328][  0]SourceControl: Source control is disabled
[2021.02.11-07.37.37:328][  0]SourceControl: Source control is disabled
[2021.02.11-07.37.37:372][  0]SourceControl: Source control is disabled
[2021.02.11-07.37.37:384][  0]SourceControl: Source control is disabled
[2021.02.11-07.37.37:404][  0]SourceControl: Source control is disabled
[2021.02.11-07.37.38:879][  0]LogAndroidPermission: UAndroidPermissionCallbackProxy::GetInstance
[2021.02.11-07.37.38:948][  0]LogAudioCaptureCore: Display: No Audio Capture implementations found. Audio input will be silent.
[2021.02.11-07.37.38:948][  0]LogAudioCaptureCore: Display: No Audio Capture implementations found. Audio input will be silent.
[2021.02.11-07.37.39:179][  0]LogOcInput: OculusInput pre-init called
[2021.02.11-07.37.39:261][  0]LogWindows: Failed to load 'OVRPlugin.dll' (GetLastError=126)
[2021.02.11-07.37.39:261][  0]LogWindows: File 'OVRPlugin.dll' does not exist
[2021.02.11-07.37.39:453][  0]LogEngine: Initializing Engine...
[2021.02.11-07.37.39:468][  0]LogHMD: SteamVR initialized.  Driver: lighthouse  Display: LHR-96C32749
[2021.02.11-07.37.39:469][  0]LogStats: UGameplayTagsManager::InitializeManager -  0.000 s
[2021.02.11-07.37.39:720][  0]LogInit: Initializing FReadOnlyCVARCache
[2021.02.11-07.37.39:789][  0]LogAIModule: Creating AISystem for world Untitled
[2021.02.11-07.37.39:789][  0]LogAISub: UAISubsystem::UAISubsystem EnvQueryManager (0000022984450600), frame # 0
[2021.02.11-07.37.39:789][  0]LogAISub: UAISubsystem::UAISubsystem AIPerceptionSystem (000002298445D300), frame # 0
[2021.02.11-07.37.39:834][  0]LogAudioMixer: Display: Audio Mixer Platform Settings:
[2021.02.11-07.37.39:834][  0]LogAudioMixer: Display: 	Sample Rate:						  48000
[2021.02.11-07.37.39:834][  0]LogAudioMixer: Display: 	Callback Buffer Frame Size Requested: 1024
[2021.02.11-07.37.39:834][  0]LogAudioMixer: Display: 	Callback Buffer Frame Size To Use:	  1024
[2021.02.11-07.37.39:834][  0]LogAudioMixer: Display: 	Number of buffers to queue:			  2
[2021.02.11-07.37.39:834][  0]LogAudioMixer: Display: 	Max Channels (voices):				  32
[2021.02.11-07.37.39:834][  0]LogAudioMixer: Display: 	Number of Async Source Workers:		  0
[2021.02.11-07.37.39:834][  0]LogAudio: Display: AudioDevice MaxSources: 32
[2021.02.11-07.37.39:835][  0]LogAudio: Display: Using built-in audio occlusion.
[2021.02.11-07.37.39:835][  0]LogAudioMixer: Display: Initializing audio mixer.
[2021.02.11-07.37.39:868][  0]LogAudioMixer: Display: 0: FrontLeft
[2021.02.11-07.37.39:868][  0]LogAudioMixer: Display: 1: FrontRight
[2021.02.11-07.37.39:916][  0]LogAudioMixer: Display: Using Audio Device Headset Earphone (Astro A50 Voice)
[2021.02.11-07.37.39:916][  0]LogAudioMixer: Display: Initializing Sound Submixes...
[2021.02.11-07.37.39:935][  0]LogAudioMixer: Display: Creating Master Submix 'MasterSubmixDefault'
[2021.02.11-07.37.39:935][  0]LogAudioMixer: Display: Creating Master Submix 'MasterReverbSubmixDefault'
[2021.02.11-07.37.39:936][  0]LogAudioMixer: Display: Creating Master Submix 'MasterEQSubmixDefault'
[2021.02.11-07.37.39:937][  0]LogInit: FAudioDevice initialized.
[2021.02.11-07.37.39:938][  0]LogNetVersion: Set ProjectVersion to 1.0.0.0. Version Checksum will be recalculated on next use.
[2021.02.11-07.37.40:038][  0]LogDerivedDataCache: Saved boot cache 0.10s 75MB C:/Users/seanc/AppData/Local/UnrealEngine/4.25/DerivedDataCache/Boot.ddc.
[2021.02.11-07.37.40:039][  0]LogInit: Texture streaming: Enabled
[2021.02.11-07.37.40:133][  0]LogEngineSessionManager: EngineSessionManager initialized
[2021.02.11-07.37.40:133][  0]LogEditorSessionSummary: Verbose: Initializing EditorSessionSummaryWriter for editor session tracking
[2021.02.11-07.37.40:134][  0]LogEditorSessionSummary: EditorSessionSummaryWriter initialized
[2021.02.11-07.37.40:286][  0]LogInit: Transaction tracking system initialized
[2021.02.11-07.37.40:608][  0]BlueprintLog: New page: Editor Load
[2021.02.11-07.37.41:163][  0]LocalizationService: Localization service is disabled
[2021.02.11-07.37.42:140][  0]LogCook: Display: Max memory allowance for cook 16384mb min free memory 0mb
[2021.02.11-07.37.42:140][  0]LogCook: Display: Mobile HDR setting 1
[2021.02.11-07.37.42:727][  0]LogFileCache: Scanning file cache for directory 'E:/University/classes/Year 1/Semester 2/3D Game Programming/Alice/Content/' took 0.02s
[2021.02.11-07.37.43:749][  0]SourceControl: Source control is disabled
[2021.02.11-07.37.43:749][  0]LogUnrealEdMisc: Loading editor; pre map load, took 45.470
[2021.02.11-07.37.43:749][  0]Cmd: MAP LOAD FILE="../../../../../University/classes/Year 1/Semester 2/3D Game Programming/Alice/Content/ThirdPersonBP/Maps/ThirdPersonExampleMap.umap" TEMPLATE=0 SHOWPROGRESS=1 FEATURELEVEL=3
[2021.02.11-07.37.43:749][  0]LightingResults: New page: Lighting Build
[2021.02.11-07.37.43:756][  0]LogWorld: UWorld::CleanupWorld for Untitled, bSessionEnded=true, bCleanupResources=true
[2021.02.11-07.37.43:756][  0]LogSlate: InvalidateAllWidgets triggered.  All widgets were invalidated
[2021.02.11-07.37.43:756][  0]MapCheck: New page: Map Check
[2021.02.11-07.37.43:756][  0]LightingResults: New page: Lighting Build
[2021.02.11-07.37.43:776][  0]LogAISub: UAISubsystem::~UAISubsystem EnvQueryManager (0000022984450600), frame # 0
[2021.02.11-07.37.43:776][  0]LogAISub: UAISubsystem::~UAISubsystem AIPerceptionSystem (000002298445D300), frame # 0
[2021.02.11-07.37.43:776][  0]LogUObjectHash: Compacting FUObjectHashTables data took   0.62ms
[2021.02.11-07.37.44:627][  0]LogAIModule: Creating AISystem for world ThirdPersonExampleMap
[2021.02.11-07.37.44:628][  0]LogAISub: UAISubsystem::UAISubsystem EnvQueryManager (000002298EBB7E00), frame # 0
[2021.02.11-07.37.44:628][  0]LogAISub: UAISubsystem::UAISubsystem AIPerceptionSystem (000002298EBC39C0), frame # 0
[2021.02.11-07.37.44:668][  0]LogEditorServer: Finished looking for orphan Actors (0.000 secs)
[2021.02.11-07.37.44:683][  0]LogUObjectHash: Compacting FUObjectHashTables data took   1.11ms
[2021.02.11-07.37.44:683][  0]Cmd: MAP CHECKDEP NOCLEARLOG
[2021.02.11-07.37.44:684][  0]MapCheck: Map check complete: 0 Error(s), 0 Warning(s), took 0.106ms to complete.
[2021.02.11-07.37.44:684][  0]LogFileHelpers: Loading map 'ThirdPersonExampleMap' took 0.934
[2021.02.11-07.37.44:686][  0]LogUnrealEdMisc: Total Editor Startup Time, took 46.407
[2021.02.11-07.37.44:826][  0]LogSlate: Updating window title bar state: overlay mode, drag disabled, window buttons hidden, title bar hidden
[2021.02.11-07.37.44:832][  0]LogSlate: Updating window title bar state: overlay mode, drag disabled, window buttons hidden, title bar hidden
[2021.02.11-07.37.44:838][  0]LogSlate: Updating window title bar state: overlay mode, drag disabled, window buttons hidden, title bar hidden
[2021.02.11-07.37.44:844][  0]LogSlate: Updating window title bar state: overlay mode, drag disabled, window buttons hidden, title bar hidden
[2021.02.11-07.37.44:862][  0]LogCollectionManager: Loaded 0 collections in 0.001113 seconds
[2021.02.11-07.37.44:892][  0]LogFileCache: Scanning file cache for directory 'E:/University/classes/Year 1/Semester 2/3D Game Programming/Alice/Saved/Collections/' took 0.00s
[2021.02.11-07.37.44:892][  0]LogFileCache: Scanning file cache for directory 'E:/University/classes/Year 1/Semester 2/3D Game Programming/Alice/Content/Developers/seanc/Collections/' took 0.00s
[2021.02.11-07.37.44:892][  0]LogFileCache: Scanning file cache for directory 'E:/University/classes/Year 1/Semester 2/3D Game Programming/Alice/Content/Collections/' took 0.00s
[2021.02.11-07.37.44:892][  0]LogContentBrowser: Native class hierarchy populated in 0.0105 seconds. Added 3437 classes and 839 folders.
[2021.02.11-07.37.44:921][  0]LogContentBrowser: Native class hierarchy updated for 'WidgetCarousel' in 0.0005 seconds. Added 0 classes and 0 folders.
[2021.02.11-07.37.45:521][  0]LogContentBrowser: Native class hierarchy updated for 'AddContentDialog' in 0.0006 seconds. Added 0 classes and 0 folders.
[2021.02.11-07.37.45:522][  0]LogContentBrowser: Native class hierarchy updated for 'SceneOutliner' in 0.0002 seconds. Added 2 classes and 0 folders.
[2021.02.11-07.37.45:726][  0]LogSlate: Took 0.050756 seconds to synchronously load lazily loaded font '../../../Engine/Content/Slate/Fonts/Roboto-Regular.ttf' (155K)
[2021.02.11-07.37.45:754][  0]LogSlate: Took 0.024802 seconds to synchronously load lazily loaded font '../../../Engine/Content/Slate/Fonts/Roboto-Bold.ttf' (160K)
[2021.02.11-07.37.45:759][  0]LogSlate: Took 0.002886 seconds to synchronously load lazily loaded font '../../../Engine/Content/Editor/Slate/Fonts/FontAwesome.ttf' (139K)
[2021.02.11-07.37.45:965][  0]LogRenderer: Reallocating scene render targets to support 1708x896 Format 10 NumSamples 1 (Frame:1).
[2021.02.11-07.37.46:129][  0]LogContentBrowser: Native class hierarchy updated for 'HierarchicalLODOutliner' in 0.0004 seconds. Added 0 classes and 0 folders.
[2021.02.11-07.37.46:129][  0]LogLoad: (Engine Initialization) Total time: 47.85 seconds
[2021.02.11-07.37.46:129][  0]LogLoad: (Engine Initialization) Total Blueprint compile time: 0.00 seconds
[2021.02.11-07.37.46:144][  0]LogSteamVRInputDevice: Display: SteamVR runtime 1.5.17 loaded.
[2021.02.11-07.37.46:164][  0]LogSteamVRInputDevice: Display: Action Manifest Path: ../../../../../University/classes/Year 1/Semester 2/3D Game Programming/Alice/Config/SteamVRBindings/steamvr_manifest.json
[2021.02.11-07.37.46:164][  0]LogSteamVRInputDevice: Display: Controller Bindings Path: ../../../../../University/classes/Year 1/Semester 2/3D Game Programming/Alice/Config/SteamVRBindings
[2021.02.11-07.37.46:167][  0]LogSteamVRInputDevice: Searching for Controller Bindings files at: ../../../../../University/classes/Year 1/Semester 2/3D Game Programming/Alice/Config/SteamVRBindings
[2021.02.11-07.37.46:185][  0]LogSteamVRInputDevice: Display: [STEAMVR INPUT] Registering Application Manifest ../../../../../University/classes/Year 1/Semester 2/3D Game Programming/Alice/Config/steamvr_ue_editor_app.json : VRApplicationError_None
[2021.02.11-07.37.46:195][  0]LogSteamVRInputDevice: Display: [STEAMVR INPUT] Editor Application [33876][application.generated.ue.third-person-bp-game-template-14469661.ue4editor.exe] identified to SteamVR: VRApplicationError_None
[2021.02.11-07.37.46:196][  0]LogSteamVRInputDevice: Display: [STEAMVR INPUT] Trying to load Action Manifest from: E:/University/classes/Year 1/Semester 2/3D Game Programming/Alice/Config/SteamVRBindings/steamvr_manifest.json
[2021.02.11-07.37.46:196][  0]LogSteamVRInputDevice: Display: [STEAMVR INPUT] Setting Action Manifest Path Result: Success
[2021.02.11-07.37.46:196][  0]LogSteamVRInputDevice: Display: [STEAMVR INPUT] Setting main action set: Success
[2021.02.11-07.37.46:196][  0]LogSteamVRInputDevice: Display: Retrieving Action Handle: /actions/main/in/controllerleft
[2021.02.11-07.37.46:196][  0]LogSteamVRInputDevice: Display: [STEAMVR INPUT] Setting Action Handle Path Result: Success
[2021.02.11-07.37.46:196][  0]LogSteamVRInputDevice: Display: Retrieving Action Handle: /actions/main/in/controllerright
[2021.02.11-07.37.46:196][  0]LogSteamVRInputDevice: Display: [STEAMVR INPUT] Setting Action Handle Path Result: Success
[2021.02.11-07.37.46:196][  0]LogSteamVRInputDevice: Display: Retrieving Action Handle: /actions/main/in/special1
[2021.02.11-07.37.46:197][  0]LogSteamVRInputDevice: Display: [STEAMVR INPUT] Setting Action Handle Path Result: Success
[2021.02.11-07.37.46:197][  0]LogSteamVRInputDevice: Display: Retrieving Action Handle: /actions/main/in/special2
[2021.02.11-07.37.46:197][  0]LogSteamVRInputDevice: Display: [STEAMVR INPUT] Setting Action Handle Path Result: Success
[2021.02.11-07.37.46:197][  0]LogSteamVRInputDevice: Display: Retrieving Action Handle: /actions/main/in/special3
[2021.02.11-07.37.46:197][  0]LogSteamVRInputDevice: Display: [STEAMVR INPUT] Setting Action Handle Path Result: Success
[2021.02.11-07.37.46:197][  0]LogSteamVRInputDevice: Display: Retrieving Action Handle: /actions/main/in/special4
[2021.02.11-07.37.46:197][  0]LogSteamVRInputDevice: Display: [STEAMVR INPUT] Setting Action Handle Path Result: Success
[2021.02.11-07.37.46:197][  0]LogSteamVRInputDevice: Display: Retrieving Action Handle: /actions/main/in/special5
[2021.02.11-07.37.46:197][  0]LogSteamVRInputDevice: Display: [STEAMVR INPUT] Setting Action Handle Path Result: Success
[2021.02.11-07.37.46:197][  0]LogSteamVRInputDevice: Display: Retrieving Action Handle: /actions/main/in/special6
[2021.02.11-07.37.46:197][  0]LogSteamVRInputDevice: Display: [STEAMVR INPUT] Setting Action Handle Path Result: Success
[2021.02.11-07.37.46:197][  0]LogSteamVRInputDevice: Display: Retrieving Action Handle: /actions/main/in/special7
[2021.02.11-07.37.46:197][  0]LogSteamVRInputDevice: Display: [STEAMVR INPUT] Setting Action Handle Path Result: Success
[2021.02.11-07.37.46:197][  0]LogSteamVRInputDevice: Display: Retrieving Action Handle: /actions/main/in/special8
[2021.02.11-07.37.46:197][  0]LogSteamVRInputDevice: Display: [STEAMVR INPUT] Setting Action Handle Path Result: Success
[2021.02.11-07.37.46:197][  0]LogSteamVRInputDevice: Display: Retrieving Action Handle: /actions/main/in/skeletonleft
[2021.02.11-07.37.46:197][  0]LogSteamVRInputDevice: Display: [STEAMVR INPUT] Setting Action Handle Path Result: Success
[2021.02.11-07.37.46:197][  0]LogSteamVRInputDevice: Display: Retrieving Action Handle: /actions/main/in/skeletonright
[2021.02.11-07.37.46:197][  0]LogSteamVRInputDevice: Display: [STEAMVR INPUT] Setting Action Handle Path Result: Success
[2021.02.11-07.37.46:198][  0]LogSteamVRInputDevice: Display: Retrieving Action Handle: /actions/main/out/vibrateleft
[2021.02.11-07.37.46:198][  0]LogSteamVRInputDevice: Display: [STEAMVR INPUT] Setting Action Handle Path Result: Success
[2021.02.11-07.37.46:198][  0]LogSteamVRInputDevice: Display: Retrieving Action Handle: /actions/main/out/vibrateright
[2021.02.11-07.37.46:198][  0]LogSteamVRInputDevice: Display: [STEAMVR INPUT] Setting Action Handle Path Result: Success
[2021.02.11-07.37.46:198][  0]LogSteamVRInputDevice: Display: Retrieving Action Handle: /actions/main/in/open_console
[2021.02.11-07.37.46:198][  0]LogSteamVRInputDevice: Display: [STEAMVR INPUT] Setting Action Handle Path Result: Success
[2021.02.11-07.37.46:198][  0]LogSteamVRInputDevice: Display: Retrieving Action Handle: /actions/main/in/Jump
[2021.02.11-07.37.46:198][  0]LogSteamVRInputDevice: Display: [STEAMVR INPUT] Setting Action Handle Path Result: Success
[2021.02.11-07.37.46:198][  0]LogSteamVRInputDevice: Display: Retrieving Action Handle: /actions/main/in/Jump
[2021.02.11-07.37.46:198][  0]LogSteamVRInputDevice: Display: [STEAMVR INPUT] Setting Action Handle Path Result: Success
[2021.02.11-07.37.46:198][  0]LogSteamVRInputDevice: Display: Retrieving Action Handle: /actions/main/in/Jump
[2021.02.11-07.37.46:198][  0]LogSteamVRInputDevice: Display: [STEAMVR INPUT] Setting Action Handle Path Result: Success
[2021.02.11-07.37.46:198][  0]LogSteamVRInputDevice: Display: Retrieving Action Handle: /actions/main/in/Jump
[2021.02.11-07.37.46:198][  0]LogSteamVRInputDevice: Display: [STEAMVR INPUT] Setting Action Handle Path Result: Success
[2021.02.11-07.37.46:198][  0]LogSteamVRInputDevice: Display: Retrieving Action Handle: /actions/main/in/Jump
[2021.02.11-07.37.46:198][  0]LogSteamVRInputDevice: Display: [STEAMVR INPUT] Setting Action Handle Path Result: Success
[2021.02.11-07.37.46:198][  0]LogSteamVRInputDevice: Display: Retrieving Action Handle: /actions/main/in/Jump
[2021.02.11-07.37.46:198][  0]LogSteamVRInputDevice: Display: [STEAMVR INPUT] Setting Action Handle Path Result: Success
[2021.02.11-07.37.46:198][  0]LogSteamVRInputDevice: Display: Retrieving Action Handle: /actions/main/in/Jump
[2021.02.11-07.37.46:198][  0]LogSteamVRInputDevice: Display: [STEAMVR INPUT] Setting Action Handle Path Result: Success
[2021.02.11-07.37.46:198][  0]LogSteamVRInputDevice: Display: Retrieving Action Handle: /actions/main/in/Jump
[2021.02.11-07.37.46:198][  0]LogSteamVRInputDevice: Display: [STEAMVR INPUT] Setting Action Handle Path Result: Success
[2021.02.11-07.37.46:198][  0]LogSteamVRInputDevice: Display: Retrieving Action Handle: /actions/main/in/ResetVR
[2021.02.11-07.37.46:198][  0]LogSteamVRInputDevice: Display: [STEAMVR INPUT] Setting Action Handle Path Result: Success
[2021.02.11-07.37.46:198][  0]LogSteamVRInputDevice: Display: Retrieving Action Handle: /actions/main/in/ResetVR
[2021.02.11-07.37.46:198][  0]LogSteamVRInputDevice: Display: [STEAMVR INPUT] Setting Action Handle Path Result: Success
[2021.02.11-07.37.46:198][  0]LogSteamVRInputDevice: Display: Retrieving Action Handle: /actions/main/in/ResetVR
[2021.02.11-07.37.46:198][  0]LogSteamVRInputDevice: Display: [STEAMVR INPUT] Setting Action Handle Path Result: Success
[2021.02.11-07.37.46:198][  0]LogSteamVRInputDevice: Display: Retrieving Action Handle: /actions/main/in/ResetVR
[2021.02.11-07.37.46:198][  0]LogSteamVRInputDevice: Display: [STEAMVR INPUT] Setting Action Handle Path Result: Success
[2021.02.11-07.37.46:198][  0]LogSteamVRInputDevice: Display: Retrieving Action Handle: /actions/main/in/MoveRight axis
[2021.02.11-07.37.46:198][  0]LogSteamVRInputDevice: Display: [STEAMVR INPUT] Setting Action Handle Path Result: Success
[2021.02.11-07.37.46:198][  0]LogSteamVRInputDevice: Display: Retrieving Action Handle: /actions/main/in/MoveRight axis
[2021.02.11-07.37.46:198][  0]LogSteamVRInputDevice: Display: [STEAMVR INPUT] Setting Action Handle Path Result: Success
[2021.02.11-07.37.46:198][  0]LogSteamVRInputDevice: Display: Retrieving Action Handle: /actions/main/in/MoveRight axis
[2021.02.11-07.37.46:198][  0]LogSteamVRInputDevice: Display: [STEAMVR INPUT] Setting Action Handle Path Result: Success
[2021.02.11-07.37.46:198][  0]LogSteamVRInputDevice: Display: Retrieving Action Handle: /actions/main/in/MoveRight axis
[2021.02.11-07.37.46:198][  0]LogSteamVRInputDevice: Display: [STEAMVR INPUT] Setting Action Handle Path Result: Success
[2021.02.11-07.37.46:198][  0]LogSteamVRInputDevice: Display: Retrieving Action Handle: /actions/main/in/TurnRate axis
[2021.02.11-07.37.46:198][  0]LogSteamVRInputDevice: Display: [STEAMVR INPUT] Setting Action Handle Path Result: Success
[2021.02.11-07.37.46:198][  0]LogSteamVRInputDevice: Display: Retrieving Action Handle: /actions/main/in/TurnRate axis
[2021.02.11-07.37.46:198][  0]LogSteamVRInputDevice: Display: [STEAMVR INPUT] Setting Action Handle Path Result: Success
[2021.02.11-07.37.46:199][  0]LogSteamVRInputDevice: Display: Retrieving Action Handle: /actions/main/in/TurnRate axis
[2021.02.11-07.37.46:199][  0]LogSteamVRInputDevice: Display: [STEAMVR INPUT] Setting Action Handle Path Result: Success
[2021.02.11-07.37.46:199][  0]LogSteamVRInputDevice: Display: Retrieving Action Handle: /actions/main/in/TurnRate axis
[2021.02.11-07.37.46:199][  0]LogSteamVRInputDevice: Display: [STEAMVR INPUT] Setting Action Handle Path Result: Success
[2021.02.11-07.37.46:199][  0]LogSteamVRInputDevice: Display: Action Manifest Path: ../../../../../University/classes/Year 1/Semester 2/3D Game Programming/Alice/Config/SteamVRBindings/steamvr_manifest.json
[2021.02.11-07.37.46:199][  0]LogSteamVRInputDevice: Display: Controller Bindings Path: ../../../../../University/classes/Year 1/Semester 2/3D Game Programming/Alice/Config/SteamVRBindings
[2021.02.11-07.37.46:201][  0]LogSteamVRInputDevice: Searching for Controller Bindings files at: ../../../../../University/classes/Year 1/Semester 2/3D Game Programming/Alice/Config/SteamVRBindings
[2021.02.11-07.37.46:207][  0]LogSteamVRInputDevice: Display: [STEAMVR INPUT] Registering Application Manifest ../../../../../University/classes/Year 1/Semester 2/3D Game Programming/Alice/Config/steamvr_ue_editor_app.json : VRApplicationError_None
[2021.02.11-07.37.46:207][  0]LogSteamVRInputDevice: Display: [STEAMVR INPUT] Editor Application [33876][application.generated.ue.third-person-bp-game-template-14469661.ue4editor.exe] identified to SteamVR: VRApplicationError_None
[2021.02.11-07.37.46:207][  0]LogSteamVRInputDevice: Display: [STEAMVR INPUT] Trying to load Action Manifest from: E:/University/classes/Year 1/Semester 2/3D Game Programming/Alice/Config/SteamVRBindings/steamvr_manifest.json
[2021.02.11-07.37.46:208][  0]LogSteamVRInputDevice: Display: [STEAMVR INPUT] Setting Action Manifest Path Result: Success
[2021.02.11-07.37.46:208][  0]LogSteamVRInputDevice: Display: [STEAMVR INPUT] Setting main action set: Success
[2021.02.11-07.37.46:208][  0]LogSteamVRInputDevice: Display: Retrieving Action Handle: /actions/main/in/controllerleft
[2021.02.11-07.37.46:208][  0]LogSteamVRInputDevice: Display: [STEAMVR INPUT] Setting Action Handle Path Result: Success
[2021.02.11-07.37.46:208][  0]LogSteamVRInputDevice: Display: Retrieving Action Handle: /actions/main/in/controllerright
[2021.02.11-07.37.46:208][  0]LogSteamVRInputDevice: Display: [STEAMVR INPUT] Setting Action Handle Path Result: Success
[2021.02.11-07.37.46:208][  0]LogSteamVRInputDevice: Display: Retrieving Action Handle: /actions/main/in/special1
[2021.02.11-07.37.46:208][  0]LogSteamVRInputDevice: Display: [STEAMVR INPUT] Setting Action Handle Path Result: Success
[2021.02.11-07.37.46:208][  0]LogSteamVRInputDevice: Display: Retrieving Action Handle: /actions/main/in/special2
[2021.02.11-07.37.46:208][  0]LogSteamVRInputDevice: Display: [STEAMVR INPUT] Setting Action Handle Path Result: Success
[2021.02.11-07.37.46:208][  0]LogSteamVRInputDevice: Display: Retrieving Action Handle: /actions/main/in/special3
[2021.02.11-07.37.46:208][  0]LogSteamVRInputDevice: Display: [STEAMVR INPUT] Setting Action Handle Path Result: Success
[2021.02.11-07.37.46:208][  0]LogSteamVRInputDevice: Display: Retrieving Action Handle: /actions/main/in/special4
[2021.02.11-07.37.46:208][  0]LogSteamVRInputDevice: Display: [STEAMVR INPUT] Setting Action Handle Path Result: Success
[2021.02.11-07.37.46:208][  0]LogSteamVRInputDevice: Display: Retrieving Action Handle: /actions/main/in/special5
[2021.02.11-07.37.46:208][  0]LogSteamVRInputDevice: Display: [STEAMVR INPUT] Setting Action Handle Path Result: Success
[2021.02.11-07.37.46:208][  0]LogSteamVRInputDevice: Display: Retrieving Action Handle: /actions/main/in/special6
[2021.02.11-07.37.46:208][  0]LogSteamVRInputDevice: Display: [STEAMVR INPUT] Setting Action Handle Path Result: Success
[2021.02.11-07.37.46:208][  0]LogSteamVRInputDevice: Display: Retrieving Action Handle: /actions/main/in/special7
[2021.02.11-07.37.46:208][  0]LogSteamVRInputDevice: Display: [STEAMVR INPUT] Setting Action Handle Path Result: Success
[2021.02.11-07.37.46:208][  0]LogSteamVRInputDevice: Display: Retrieving Action Handle: /actions/main/in/special8
[2021.02.11-07.37.46:208][  0]LogSteamVRInputDevice: Display: [STEAMVR INPUT] Setting Action Handle Path Result: Success
[2021.02.11-07.37.46:208][  0]LogSteamVRInputDevice: Display: Retrieving Action Handle: /actions/main/in/skeletonleft
[2021.02.11-07.37.46:208][  0]LogSteamVRInputDevice: Display: [STEAMVR INPUT] Setting Action Handle Path Result: Success
[2021.02.11-07.37.46:208][  0]LogSteamVRInputDevice: Display: Retrieving Action Handle: /actions/main/in/skeletonright
[2021.02.11-07.37.46:208][  0]LogSteamVRInputDevice: Display: [STEAMVR INPUT] Setting Action Handle Path Result: Success
[2021.02.11-07.37.46:208][  0]LogSteamVRInputDevice: Display: Retrieving Action Handle: /actions/main/out/vibrateleft
[2021.02.11-07.37.46:208][  0]LogSteamVRInputDevice: Display: [STEAMVR INPUT] Setting Action Handle Path Result: Success
[2021.02.11-07.37.46:208][  0]LogSteamVRInputDevice: Display: Retrieving Action Handle: /actions/main/out/vibrateright
[2021.02.11-07.37.46:208][  0]LogSteamVRInputDevice: Display: [STEAMVR INPUT] Setting Action Handle Path Result: Success
[2021.02.11-07.37.46:208][  0]LogSteamVRInputDevice: Display: Retrieving Action Handle: /actions/main/in/open_console
[2021.02.11-07.37.46:208][  0]LogSteamVRInputDevice: Display: [STEAMVR INPUT] Setting Action Handle Path Result: Success
[2021.02.11-07.37.46:208][  0]LogSteamVRInputDevice: Display: Retrieving Action Handle: /actions/main/in/Jump
[2021.02.11-07.37.46:208][  0]LogSteamVRInputDevice: Display: [STEAMVR INPUT] Setting Action Handle Path Result: Success
[2021.02.11-07.37.46:208][  0]LogSteamVRInputDevice: Display: Retrieving Action Handle: /actions/main/in/Jump
[2021.02.11-07.37.46:208][  0]LogSteamVRInputDevice: Display: [STEAMVR INPUT] Setting Action Handle Path Result: Success
[2021.02.11-07.37.46:208][  0]LogSteamVRInputDevice: Display: Retrieving Action Handle: /actions/main/in/Jump
[2021.02.11-07.37.46:208][  0]LogSteamVRInputDevice: Display: [STEAMVR INPUT] Setting Action Handle Path Result: Success
[2021.02.11-07.37.46:208][  0]LogSteamVRInputDevice: Display: Retrieving Action Handle: /actions/main/in/Jump
[2021.02.11-07.37.46:208][  0]LogSteamVRInputDevice: Display: [STEAMVR INPUT] Setting Action Handle Path Result: Success
[2021.02.11-07.37.46:208][  0]LogSteamVRInputDevice: Display: Retrieving Action Handle: /actions/main/in/Jump
[2021.02.11-07.37.46:208][  0]LogSteamVRInputDevice: Display: [STEAMVR INPUT] Setting Action Handle Path Result: Success
[2021.02.11-07.37.46:208][  0]LogSteamVRInputDevice: Display: Retrieving Action Handle: /actions/main/in/Jump
[2021.02.11-07.37.46:208][  0]LogSteamVRInputDevice: Display: [STEAMVR INPUT] Setting Action Handle Path Result: Success
[2021.02.11-07.37.46:208][  0]LogSteamVRInputDevice: Display: Retrieving Action Handle: /actions/main/in/Jump
[2021.02.11-07.37.46:208][  0]LogSteamVRInputDevice: Display: [STEAMVR INPUT] Setting Action Handle Path Result: Success
[2021.02.11-07.37.46:208][  0]LogSteamVRInputDevice: Display: Retrieving Action Handle: /actions/main/in/Jump
[2021.02.11-07.37.46:208][  0]LogSteamVRInputDevice: Display: [STEAMVR INPUT] Setting Action Handle Path Result: Success
[2021.02.11-07.37.46:208][  0]LogSteamVRInputDevice: Display: Retrieving Action Handle: /actions/main/in/ResetVR
[2021.02.11-07.37.46:209][  0]LogSteamVRInputDevice: Display: [STEAMVR INPUT] Setting Action Handle Path Result: Success
[2021.02.11-07.37.46:209][  0]LogSteamVRInputDevice: Display: Retrieving Action Handle: /actions/main/in/ResetVR
[2021.02.11-07.37.46:209][  0]LogSteamVRInputDevice: Display: [STEAMVR INPUT] Setting Action Handle Path Result: Success
[2021.02.11-07.37.46:209][  0]LogSteamVRInputDevice: Display: Retrieving Action Handle: /actions/main/in/ResetVR
[2021.02.11-07.37.46:209][  0]LogSteamVRInputDevice: Display: [STEAMVR INPUT] Setting Action Handle Path Result: Success
[2021.02.11-07.37.46:209][  0]LogSteamVRInputDevice: Display: Retrieving Action Handle: /actions/main/in/ResetVR
[2021.02.11-07.37.46:209][  0]LogSteamVRInputDevice: Display: [STEAMVR INPUT] Setting Action Handle Path Result: Success
[2021.02.11-07.37.46:209][  0]LogSteamVRInputDevice: Display: Retrieving Action Handle: /actions/main/in/MoveRight axis
[2021.02.11-07.37.46:209][  0]LogSteamVRInputDevice: Display: [STEAMVR INPUT] Setting Action Handle Path Result: Success
[2021.02.11-07.37.46:209][  0]LogSteamVRInputDevice: Display: Retrieving Action Handle: /actions/main/in/MoveRight axis
[2021.02.11-07.37.46:209][  0]LogSteamVRInputDevice: Display: [STEAMVR INPUT] Setting Action Handle Path Result: Success
[2021.02.11-07.37.46:209][  0]LogSteamVRInputDevice: Display: Retrieving Action Handle: /actions/main/in/MoveRight axis
[2021.02.11-07.37.46:209][  0]LogSteamVRInputDevice: Display: [STEAMVR INPUT] Setting Action Handle Path Result: Success
[2021.02.11-07.37.46:209][  0]LogSteamVRInputDevice: Display: Retrieving Action Handle: /actions/main/in/MoveRight axis
[2021.02.11-07.37.46:209][  0]LogSteamVRInputDevice: Display: [STEAMVR INPUT] Setting Action Handle Path Result: Success
[2021.02.11-07.37.46:209][  0]LogSteamVRInputDevice: Display: Retrieving Action Handle: /actions/main/in/TurnRate axis
[2021.02.11-07.37.46:209][  0]LogSteamVRInputDevice: Display: [STEAMVR INPUT] Setting Action Handle Path Result: Success
[2021.02.11-07.37.46:209][  0]LogSteamVRInputDevice: Display: Retrieving Action Handle: /actions/main/in/TurnRate axis
[2021.02.11-07.37.46:209][  0]LogSteamVRInputDevice: Display: [STEAMVR INPUT] Setting Action Handle Path Result: Success
[2021.02.11-07.37.46:209][  0]LogSteamVRInputDevice: Display: Retrieving Action Handle: /actions/main/in/TurnRate axis
[2021.02.11-07.37.46:209][  0]LogSteamVRInputDevice: Display: [STEAMVR INPUT] Setting Action Handle Path Result: Success
[2021.02.11-07.37.46:209][  0]LogSteamVRInputDevice: Display: Retrieving Action Handle: /actions/main/in/TurnRate axis
[2021.02.11-07.37.46:209][  0]LogSteamVRInputDevice: Display: [STEAMVR INPUT] Setting Action Handle Path Result: Success
[2021.02.11-07.37.46:248][  0]LogAssetRegistry: Asset discovery search completed in 14.9716 seconds
[2021.02.11-07.37.46:252][  0]LogCollectionManager: Fixed up redirectors for 0 collections in 0.000002 seconds (updated 0 objects)
[2021.02.11-07.37.46:252][  0]LogHMD: SteamVR Shutting down.
[2021.02.11-07.37.46:255][  0]LogContentStreaming: Texture pool size now 1000 MB
